<?xml version="1.0" encoding="UTF-8"?>
<coverage generated="1557803815582" clover="3.2.0">
  <project timestamp="1557803815582" name="All files">
    <metrics statements="48" coveredstatements="33" conditionals="29" coveredconditionals="19" methods="16" coveredmethods="7" elements="93" coveredelements="59" complexity="0" loc="48" ncloc="48" packages="8" files="9" classes="9"/>
    <package name="components.aside.asideLeft">
      <metrics statements="7" coveredstatements="4" conditionals="1" coveredconditionals="0" methods="3" coveredmethods="0"/>
      <file name="AsideLeft.js" path="/Users/mackentoch/GitProjects/react-director-admin-template/src/front/components/aside/asideLeft/AsideLeft.js">
        <metrics statements="7" coveredstatements="4" conditionals="1" coveredconditionals="0" methods="3" coveredmethods="0"/>
        <line num="43" count="1" type="stmt"/>
        <line num="55" count="0" type="stmt"/>
        <line num="82" count="0" type="stmt"/>
        <line num="84" count="0" type="stmt"/>
        <line num="100" count="1" type="stmt"/>
        <line num="102" count="1" type="stmt"/>
        <line num="130" count="1" type="stmt"/>
      </file>
    </package>
    <package name="components.aside.asideLeft.menu">
      <metrics statements="10" coveredstatements="0" conditionals="4" coveredconditionals="0" methods="4" coveredmethods="0"/>
      <file name="Menu.js" path="/Users/mackentoch/GitProjects/react-director-admin-template/src/front/components/aside/asideLeft/menu/Menu.js">
        <metrics statements="10" coveredstatements="0" conditionals="4" coveredconditionals="0" methods="4" coveredmethods="0"/>
        <line num="53" count="0" type="stmt"/>
        <line num="54" count="0" type="cond" truecount="0" falsecount="2"/>
        <line num="55" count="0" type="stmt"/>
        <line num="60" count="0" type="stmt"/>
        <line num="61" count="0" type="stmt"/>
        <line num="63" count="0" type="stmt"/>
        <line num="79" count="0" type="stmt"/>
        <line num="83" count="0" type="stmt"/>
        <line num="84" count="0" type="cond" truecount="0" falsecount="2"/>
        <line num="85" count="0" type="stmt"/>
      </file>
    </package>
    <package name="components.aside.asideLeft.menu.menuHeader">
      <metrics statements="5" coveredstatements="5" conditionals="2" coveredconditionals="2" methods="2" coveredmethods="2"/>
      <file name="MenuHeader.js" path="/Users/mackentoch/GitProjects/react-director-admin-template/src/front/components/aside/asideLeft/menu/menuHeader/MenuHeader.js">
        <metrics statements="5" coveredstatements="5" conditionals="2" coveredconditionals="2" methods="2" coveredmethods="2"/>
        <line num="14" count="3" type="stmt"/>
        <line num="15" count="3" type="stmt"/>
        <line num="28" count="3" type="stmt"/>
        <line num="45" count="3" type="stmt"/>
        <line num="47" count="3" type="stmt"/>
      </file>
    </package>
    <package name="components.aside.asideLeft.menu.menuLinks">
      <metrics statements="4" coveredstatements="2" conditionals="2" coveredconditionals="0" methods="2" coveredmethods="0"/>
      <file name="MenuLinks.js" path="/Users/mackentoch/GitProjects/react-director-admin-template/src/front/components/aside/asideLeft/menu/menuLinks/MenuLinks.js">
        <metrics statements="4" coveredstatements="2" conditionals="2" coveredconditionals="0" methods="2" coveredmethods="0"/>
        <line num="19" count="0" type="stmt"/>
        <line num="22" count="0" type="stmt"/>
        <line num="38" count="3" type="stmt"/>
        <line num="40" count="3" type="stmt"/>
      </file>
    </package>
    <package name="components.aside.asideLeft.menu.menuLinks.viewLink">
      <metrics statements="5" coveredstatements="5" conditionals="2" coveredconditionals="2" methods="1" coveredmethods="1"/>
      <file name="ViewLink.js" path="/Users/mackentoch/GitProjects/react-director-admin-template/src/front/components/aside/asideLeft/menu/menuLinks/viewLink/ViewLink.js">
        <metrics statements="5" coveredstatements="5" conditionals="2" coveredconditionals="2" methods="1" coveredmethods="1"/>
        <line num="16" count="4" type="stmt"/>
        <line num="23" count="2" type="stmt"/>
        <line num="34" count="4" type="stmt"/>
        <line num="36" count="4" type="stmt"/>
        <line num="44" count="4" type="stmt"/>
      </file>
    </package>
    <package name="components.aside.asideLeft.searchForm">
      <metrics statements="10" coveredstatements="10" conditionals="8" coveredconditionals="7" methods="3" coveredmethods="3"/>
      <file name="SearchForm.js" path="/Users/mackentoch/GitProjects/react-director-admin-template/src/front/components/aside/asideLeft/searchForm/SearchForm.js">
        <metrics statements="10" coveredstatements="10" conditionals="8" coveredconditionals="7" methods="3" coveredmethods="3"/>
        <line num="11" count="2" type="stmt"/>
        <line num="13" count="2" type="stmt"/>
        <line num="14" count="1" type="cond" truecount="2" falsecount="0"/>
        <line num="17" count="2" type="stmt"/>
        <line num="19" count="1" type="cond" truecount="3" falsecount="1"/>
        <line num="20" count="1" type="stmt"/>
        <line num="21" count="1" type="cond" truecount="2" falsecount="0"/>
        <line num="27" count="2" type="stmt"/>
        <line num="52" count="2" type="stmt"/>
        <line num="54" count="2" type="stmt"/>
      </file>
    </package>
    <package name="components.aside.asideLeft.userPanel">
      <metrics statements="5" coveredstatements="5" conditionals="10" coveredconditionals="8" methods="1" coveredmethods="1"/>
      <file name="UserPanel.js" path="/Users/mackentoch/GitProjects/react-director-admin-template/src/front/components/aside/asideLeft/userPanel/UserPanel.js">
        <metrics statements="5" coveredstatements="5" conditionals="10" coveredconditionals="8" methods="1" coveredmethods="1"/>
        <line num="18" count="2" type="stmt"/>
        <line num="26" count="1" type="stmt"/>
        <line num="44" count="2" type="stmt"/>
        <line num="46" count="2" type="stmt"/>
        <line num="58" count="2" type="stmt"/>
      </file>
    </package>
    <package name="models">
      <metrics statements="2" coveredstatements="2" conditionals="0" coveredconditionals="0" methods="0" coveredmethods="0"/>
      <file name="navigation.js" path="/Users/mackentoch/GitProjects/react-director-admin-template/src/front/models/navigation.js">
        <metrics statements="1" coveredstatements="1" conditionals="0" coveredconditionals="0" methods="0" coveredmethods="0"/>
        <line num="3" count="2" type="stmt"/>
      </file>
      <file name="userInfosMock.js" path="/Users/mackentoch/GitProjects/react-director-admin-template/src/front/models/userInfosMock.js">
        <metrics statements="1" coveredstatements="1" conditionals="0" coveredconditionals="0" methods="0" coveredmethods="0"/>
        <line num="3" count="1" type="stmt"/>
      </file>
    </package>
  </project>
</coverage>
