{"/Users/mackentoch/GitProjects/react-director-admin-template/src/setupTests.js": {"path":"/Users/mackentoch/GitProjects/react-director-admin-template/src/setupTests.js","statementMap":{"0":{"start":{"line":6,"column":15},"end":{"line":6,"column":32}},"1":{"start":{"line":7,"column":22},"end":{"line":7,"column":56}},"2":{"start":{"line":10,"column":0},"end":{"line":10,"column":51}}},"fnMap":{},"branchMap":{},"s":{"0":79,"1":79,"2":79},"f":{},"b":{},"_coverageSchema":"332fd63041d2c1bcb487cc26dd0d5f7d97098a6c","hash":"60432f52f04e67c49c31d2d9d14ff9b07d11e4de"}
,"/Users/mackentoch/GitProjects/react-director-admin-template/src/app/components/index.js": {"path":"/Users/mackentoch/GitProjects/react-director-admin-template/src/app/components/index.js","statementMap":{},"fnMap":{},"branchMap":{},"s":{},"f":{},"b":{},"_coverageSchema":"332fd63041d2c1bcb487cc26dd0d5f7d97098a6c","hash":"e18176963e71686dcfbd360496cf239a88fa5ab1"}
,"/Users/mackentoch/GitProjects/react-director-admin-template/src/app/components/alert/Alert.js": {"path":"/Users/mackentoch/GitProjects/react-director-admin-template/src/app/components/alert/Alert.js","statementMap":{"0":{"start":{"line":12,"column":14},"end":{"line":28,"column":1}},"1":{"start":{"line":13,"column":2},"end":{"line":27,"column":8}},"2":{"start":{"line":30,"column":0},"end":{"line":33,"column":2}},"3":{"start":{"line":35,"column":0},"end":{"line":37,"column":2}},"4":{"start":{"line":39,"column":0},"end":{"line":39,"column":28}}},"fnMap":{"0":{"name":"(anonymous_0)","decl":{"start":{"line":12,"column":14},"end":{"line":12,"column":15}},"loc":{"start":{"line":13,"column":2},"end":{"line":27,"column":8}},"line":13}},"branchMap":{},"s":{"0":15,"1":9,"2":15,"3":15,"4":15},"f":{"0":9},"b":{},"_coverageSchema":"332fd63041d2c1bcb487cc26dd0d5f7d97098a6c","hash":"44af74e734cde97bb39b78f401126e24edb979cb"}
,"/Users/mackentoch/GitProjects/react-director-admin-template/src/app/components/animatedView/AnimatedView.js": {"path":"/Users/mackentoch/GitProjects/react-director-admin-template/src/app/components/animatedView/AnimatedView.js","statementMap":{"0":{"start":{"line":22,"column":8},"end":{"line":22,"column":18}},"1":{"start":{"line":24,"column":4},"end":{"line":34,"column":6}}},"fnMap":{"0":{"name":"(anonymous_0)","decl":{"start":{"line":18,"column":2},"end":{"line":18,"column":3}},"loc":{"start":{"line":18,"column":11},"end":{"line":35,"column":3}},"line":18}},"branchMap":{},"s":{"0":19,"1":19},"f":{"0":19},"b":{},"_coverageSchema":"332fd63041d2c1bcb487cc26dd0d5f7d97098a6c","hash":"fb4c6f1cc927899a96d3752366bfaa6ffe4e7159"}
,"/Users/mackentoch/GitProjects/react-director-admin-template/src/app/components/aside/index.js": {"path":"/Users/mackentoch/GitProjects/react-director-admin-template/src/app/components/aside/index.js","statementMap":{},"fnMap":{},"branchMap":{},"s":{},"f":{},"b":{},"_coverageSchema":"332fd63041d2c1bcb487cc26dd0d5f7d97098a6c","hash":"509b3f8d664dfc01cec3ffff622fd926cf1345ad"}
,"/Users/mackentoch/GitProjects/react-director-admin-template/src/app/components/aside/asideLeft/AsideLeft.js": {"path":"/Users/mackentoch/GitProjects/react-director-admin-template/src/app/components/aside/asideLeft/AsideLeft.js","statementMap":{"0":{"start":{"line":13,"column":18},"end":{"line":76,"column":1}},"1":{"start":{"line":25,"column":2},"end":{"line":75,"column":10}},"2":{"start":{"line":55,"column":35},"end":{"line":55,"column":68}},"3":{"start":{"line":60,"column":12},"end":{"line":70,"column":14}},"4":{"start":{"line":78,"column":0},"end":{"line":104,"column":2}},"5":{"start":{"line":106,"column":0},"end":{"line":109,"column":2}}},"fnMap":{"0":{"name":"(anonymous_0)","decl":{"start":{"line":13,"column":18},"end":{"line":13,"column":19}},"loc":{"start":{"line":25,"column":2},"end":{"line":75,"column":10}},"line":25},"1":{"name":"(anonymous_1)","decl":{"start":{"line":55,"column":24},"end":{"line":55,"column":25}},"loc":{"start":{"line":55,"column":35},"end":{"line":55,"column":68}},"line":55},"2":{"name":"(anonymous_2)","decl":{"start":{"line":59,"column":10},"end":{"line":59,"column":11}},"loc":{"start":{"line":59,"column":43},"end":{"line":71,"column":11}},"line":59}},"branchMap":{"0":{"loc":{"start":{"line":63,"column":38},"end":{"line":63,"column":66}},"type":"cond-expr","locations":[{"start":{"line":63,"column":54},"end":{"line":63,"column":59}},{"start":{"line":63,"column":62},"end":{"line":63,"column":66}}],"line":63}},"s":{"0":15,"1":1,"2":0,"3":4,"4":15,"5":15},"f":{"0":1,"1":0,"2":4},"b":{"0":[1,3]},"_coverageSchema":"332fd63041d2c1bcb487cc26dd0d5f7d97098a6c","hash":"08f6face5612efb56e46fd16cf064f49b7f655ab"}
,"/Users/mackentoch/GitProjects/react-director-admin-template/src/app/components/aside/asideLeft/menu/Menu.js": {"path":"/Users/mackentoch/GitProjects/react-director-admin-template/src/app/components/aside/asideLeft/menu/Menu.js","statementMap":{"0":{"start":{"line":36,"column":37},"end":{"line":36,"column":47}},"1":{"start":{"line":37,"column":4},"end":{"line":39,"column":5}},"2":{"start":{"line":38,"column":6},"end":{"line":38,"column":52}},"3":{"start":{"line":48,"column":8},"end":{"line":48,"column":18}},"4":{"start":{"line":49,"column":28},"end":{"line":49,"column":38}},"5":{"start":{"line":51,"column":4},"end":{"line":67,"column":6}},"6":{"start":{"line":71,"column":4},"end":{"line":71,"column":42}},"7":{"start":{"line":75,"column":4},"end":{"line":75,"column":25}},"8":{"start":{"line":76,"column":28},"end":{"line":76,"column":38}},"9":{"start":{"line":77,"column":4},"end":{"line":77,"column":49}}},"fnMap":{"0":{"name":"(anonymous_0)","decl":{"start":{"line":35,"column":2},"end":{"line":35,"column":3}},"loc":{"start":{"line":35,"column":22},"end":{"line":40,"column":3}},"line":35},"1":{"name":"(anonymous_1)","decl":{"start":{"line":42,"column":2},"end":{"line":42,"column":3}},"loc":{"start":{"line":42,"column":11},"end":{"line":68,"column":3}},"line":42},"2":{"name":"(anonymous_2)","decl":{"start":{"line":70,"column":23},"end":{"line":70,"column":24}},"loc":{"start":{"line":70,"column":34},"end":{"line":72,"column":3}},"line":70},"3":{"name":"(anonymous_3)","decl":{"start":{"line":74,"column":25},"end":{"line":74,"column":26}},"loc":{"start":{"line":74,"column":34},"end":{"line":78,"column":3}},"line":74}},"branchMap":{"0":{"loc":{"start":{"line":37,"column":4},"end":{"line":39,"column":5}},"type":"if","locations":[{"start":{"line":37,"column":4},"end":{"line":39,"column":5}},{"start":{"line":37,"column":4},"end":{"line":39,"column":5}}],"line":37}},"s":{"0":5,"1":5,"2":2,"3":7,"4":7,"5":7,"6":2,"7":0,"8":0,"9":0},"f":{"0":5,"1":7,"2":2,"3":0},"b":{"0":[2,3]},"_coverageSchema":"332fd63041d2c1bcb487cc26dd0d5f7d97098a6c","hash":"8e435f9cb5f0bb6693054cb5d2126f7f133fd31c"}
,"/Users/mackentoch/GitProjects/react-director-admin-template/src/app/components/aside/asideLeft/menu/menuHeader/MenuHeader.js": {"path":"/Users/mackentoch/GitProjects/react-director-admin-template/src/app/components/aside/asideLeft/menu/menuHeader/MenuHeader.js","statementMap":{"0":{"start":{"line":10,"column":19},"end":{"line":48,"column":1}},"1":{"start":{"line":16,"column":2},"end":{"line":47,"column":7}},"2":{"start":{"line":32,"column":14},"end":{"line":41,"column":16}},"3":{"start":{"line":50,"column":0},"end":{"line":55,"column":2}}},"fnMap":{"0":{"name":"(anonymous_0)","decl":{"start":{"line":10,"column":19},"end":{"line":10,"column":20}},"loc":{"start":{"line":16,"column":2},"end":{"line":47,"column":7}},"line":16},"1":{"name":"(anonymous_1)","decl":{"start":{"line":31,"column":12},"end":{"line":31,"column":13}},"loc":{"start":{"line":31,"column":25},"end":{"line":42,"column":13}},"line":31}},"branchMap":{"0":{"loc":{"start":{"line":28,"column":17},"end":{"line":28,"column":54}},"type":"cond-expr","locations":[{"start":{"line":28,"column":31},"end":{"line":28,"column":40}},{"start":{"line":28,"column":43},"end":{"line":28,"column":54}}],"line":28}},"s":{"0":17,"1":8,"2":8,"3":17},"f":{"0":8,"1":8},"b":{"0":[3,5]},"_coverageSchema":"332fd63041d2c1bcb487cc26dd0d5f7d97098a6c","hash":"bc554f8cc4190634e4e6b2089007bdc1b4fc09d8"}
,"/Users/mackentoch/GitProjects/react-director-admin-template/src/app/components/aside/asideLeft/menu/menuLinks/MenuLinks.js": {"path":"/Users/mackentoch/GitProjects/react-director-admin-template/src/app/components/aside/asideLeft/menu/menuLinks/MenuLinks.js","statementMap":{"0":{"start":{"line":27,"column":8},"end":{"line":27,"column":18}},"1":{"start":{"line":29,"column":4},"end":{"line":48,"column":6}},"2":{"start":{"line":34,"column":14},"end":{"line":43,"column":16}}},"fnMap":{"0":{"name":"(anonymous_0)","decl":{"start":{"line":23,"column":2},"end":{"line":23,"column":3}},"loc":{"start":{"line":23,"column":11},"end":{"line":49,"column":3}},"line":23},"1":{"name":"(anonymous_1)","decl":{"start":{"line":33,"column":12},"end":{"line":33,"column":13}},"loc":{"start":{"line":33,"column":60},"end":{"line":44,"column":13}},"line":33}},"branchMap":{"0":{"loc":{"start":{"line":41,"column":29},"end":{"line":41,"column":54}},"type":"cond-expr","locations":[{"start":{"line":41,"column":41},"end":{"line":41,"column":50}},{"start":{"line":41,"column":53},"end":{"line":41,"column":54}}],"line":41}},"s":{"0":3,"1":3,"2":18},"f":{"0":3,"1":18},"b":{"0":[1,17]},"_coverageSchema":"332fd63041d2c1bcb487cc26dd0d5f7d97098a6c","hash":"c9342a77a0f301509f8aaa97157489857d81217d"}
,"/Users/mackentoch/GitProjects/react-director-admin-template/src/app/components/aside/asideLeft/menu/menuLinks/viewLink/ViewLink.js": {"path":"/Users/mackentoch/GitProjects/react-director-admin-template/src/app/components/aside/asideLeft/menu/menuLinks/viewLink/ViewLink.js","statementMap":{"0":{"start":{"line":8,"column":17},"end":{"line":34,"column":1}},"1":{"start":{"line":15,"column":2},"end":{"line":33,"column":7}},"2":{"start":{"line":36,"column":0},"end":{"line":42,"column":2}},"3":{"start":{"line":44,"column":0},"end":{"line":46,"column":2}}},"fnMap":{"0":{"name":"(anonymous_0)","decl":{"start":{"line":8,"column":17},"end":{"line":8,"column":18}},"loc":{"start":{"line":15,"column":2},"end":{"line":33,"column":7}},"line":15}},"branchMap":{"0":{"loc":{"start":{"line":27,"column":8},"end":{"line":30,"column":15}},"type":"binary-expr","locations":[{"start":{"line":27,"column":8},"end":{"line":27,"column":21}},{"start":{"line":28,"column":8},"end":{"line":30,"column":15}}],"line":27}},"s":{"0":18,"1":19,"2":18,"3":18},"f":{"0":19},"b":{"0":[19,2]},"_coverageSchema":"332fd63041d2c1bcb487cc26dd0d5f7d97098a6c","hash":"09fa3693e2ba8e43fe1e66e4a6224e5fd4cadc33"}
,"/Users/mackentoch/GitProjects/react-director-admin-template/src/app/components/aside/asideLeft/searchForm/SearchForm.js": {"path":"/Users/mackentoch/GitProjects/react-director-admin-template/src/app/components/aside/asideLeft/searchForm/SearchForm.js","statementMap":{"0":{"start":{"line":16,"column":4},"end":{"line":16,"column":29}},"1":{"start":{"line":20,"column":4},"end":{"line":42,"column":6}},"2":{"start":{"line":45,"column":21},"end":{"line":45,"column":43}},"3":{"start":{"line":48,"column":4},"end":{"line":52,"column":5}},"4":{"start":{"line":49,"column":6},"end":{"line":49,"column":29}},"5":{"start":{"line":50,"column":33},"end":{"line":50,"column":43}},"6":{"start":{"line":51,"column":6},"end":{"line":51,"column":52}}},"fnMap":{"0":{"name":"(anonymous_0)","decl":{"start":{"line":15,"column":2},"end":{"line":15,"column":3}},"loc":{"start":{"line":15,"column":22},"end":{"line":17,"column":3}},"line":15},"1":{"name":"(anonymous_1)","decl":{"start":{"line":19,"column":2},"end":{"line":19,"column":3}},"loc":{"start":{"line":19,"column":11},"end":{"line":43,"column":3}},"line":19},"2":{"name":"(anonymous_2)","decl":{"start":{"line":45,"column":11},"end":{"line":45,"column":12}},"loc":{"start":{"line":45,"column":21},"end":{"line":45,"column":43}},"line":45},"3":{"name":"(anonymous_3)","decl":{"start":{"line":47,"column":24},"end":{"line":47,"column":25}},"loc":{"start":{"line":47,"column":35},"end":{"line":53,"column":3}},"line":47}},"branchMap":{"0":{"loc":{"start":{"line":48,"column":4},"end":{"line":52,"column":5}},"type":"if","locations":[{"start":{"line":48,"column":4},"end":{"line":52,"column":5}},{"start":{"line":48,"column":4},"end":{"line":52,"column":5}}],"line":48}},"s":{"0":3,"1":3,"2":3,"3":1,"4":1,"5":1,"6":1},"f":{"0":3,"1":3,"2":3,"3":1},"b":{"0":[1,0]},"_coverageSchema":"332fd63041d2c1bcb487cc26dd0d5f7d97098a6c","hash":"c98c6099a9a4242b02c11f0ff98361d08035770c"}
,"/Users/mackentoch/GitProjects/react-director-admin-template/src/app/components/aside/asideLeft/userPanel/UserPanel.js": {"path":"/Users/mackentoch/GitProjects/react-director-admin-template/src/app/components/aside/asideLeft/userPanel/UserPanel.js","statementMap":{"0":{"start":{"line":6,"column":18},"end":{"line":42,"column":1}},"1":{"start":{"line":9,"column":2},"end":{"line":41,"column":8}},"2":{"start":{"line":44,"column":0},"end":{"line":54,"column":2}},"3":{"start":{"line":56,"column":0},"end":{"line":65,"column":2}}},"fnMap":{"0":{"name":"(anonymous_0)","decl":{"start":{"line":6,"column":18},"end":{"line":6,"column":19}},"loc":{"start":{"line":9,"column":2},"end":{"line":41,"column":8}},"line":9}},"branchMap":{"0":{"loc":{"start":{"line":11,"column":6},"end":{"line":18,"column":12}},"type":"binary-expr","locations":[{"start":{"line":11,"column":6},"end":{"line":11,"column":27}},{"start":{"line":12,"column":6},"end":{"line":18,"column":12}}],"line":11},"1":{"loc":{"start":{"line":26,"column":10},"end":{"line":27,"column":53}},"type":"binary-expr","locations":[{"start":{"line":26,"column":10},"end":{"line":26,"column":22}},{"start":{"line":27,"column":10},"end":{"line":27,"column":53}}],"line":26},"2":{"loc":{"start":{"line":29,"column":10},"end":{"line":30,"column":39}},"type":"binary-expr","locations":[{"start":{"line":29,"column":10},"end":{"line":29,"column":22}},{"start":{"line":30,"column":10},"end":{"line":30,"column":39}}],"line":29},"3":{"loc":{"start":{"line":33,"column":10},"end":{"line":34,"column":53}},"type":"binary-expr","locations":[{"start":{"line":33,"column":10},"end":{"line":33,"column":23}},{"start":{"line":34,"column":10},"end":{"line":34,"column":53}}],"line":33},"4":{"loc":{"start":{"line":36,"column":10},"end":{"line":37,"column":45}},"type":"binary-expr","locations":[{"start":{"line":36,"column":10},"end":{"line":36,"column":23}},{"start":{"line":37,"column":10},"end":{"line":37,"column":45}}],"line":36}},"s":{"0":16,"1":2,"2":16,"3":16},"f":{"0":2},"b":{"0":[2,2],"1":[2,1],"2":[2,1],"3":[2,1],"4":[2,1]},"_coverageSchema":"332fd63041d2c1bcb487cc26dd0d5f7d97098a6c","hash":"c1d46b00a3cd0f9bc218331349c235e6562b2906"}
,"/Users/mackentoch/GitProjects/react-director-admin-template/src/app/components/aside/asideRight/AsideRight.js": {"path":"/Users/mackentoch/GitProjects/react-director-admin-template/src/app/components/aside/asideRight/AsideRight.js","statementMap":{"0":{"start":{"line":8,"column":19},"end":{"line":22,"column":1}},"1":{"start":{"line":13,"column":2},"end":{"line":21,"column":10}},"2":{"start":{"line":24,"column":0},"end":{"line":28,"column":2}},"3":{"start":{"line":30,"column":0},"end":{"line":33,"column":2}}},"fnMap":{"0":{"name":"(anonymous_0)","decl":{"start":{"line":8,"column":19},"end":{"line":8,"column":20}},"loc":{"start":{"line":13,"column":2},"end":{"line":21,"column":10}},"line":13}},"branchMap":{},"s":{"0":15,"1":1,"2":15,"3":15},"f":{"0":1},"b":{},"_coverageSchema":"332fd63041d2c1bcb487cc26dd0d5f7d97098a6c","hash":"7d0bc8e7f4eca6f987eb50ad622d8603a98e099d"}
,"/Users/mackentoch/GitProjects/react-director-admin-template/src/app/components/basicForms/BasicForms.js": {"path":"/Users/mackentoch/GitProjects/react-director-admin-template/src/app/components/basicForms/BasicForms.js","statementMap":{"0":{"start":{"line":7,"column":19},"end":{"line":68,"column":1}},"1":{"start":{"line":10,"column":2},"end":{"line":67,"column":10}},"2":{"start":{"line":70,"column":0},"end":{"line":72,"column":2}},"3":{"start":{"line":74,"column":0},"end":{"line":76,"column":2}}},"fnMap":{"0":{"name":"(anonymous_0)","decl":{"start":{"line":7,"column":19},"end":{"line":7,"column":20}},"loc":{"start":{"line":10,"column":2},"end":{"line":67,"column":10}},"line":10}},"branchMap":{},"s":{"0":15,"1":2,"2":15,"3":15},"f":{"0":2},"b":{},"_coverageSchema":"332fd63041d2c1bcb487cc26dd0d5f7d97098a6c","hash":"26e0854a330d592da48b49dfdf6ec17ad926419b"}
,"/Users/mackentoch/GitProjects/react-director-admin-template/src/app/components/breadcrumb/Breadcrumb.js": {"path":"/Users/mackentoch/GitProjects/react-director-admin-template/src/app/components/breadcrumb/Breadcrumb.js","statementMap":{"0":{"start":{"line":7,"column":19},"end":{"line":51,"column":1}},"1":{"start":{"line":10,"column":2},"end":{"line":50,"column":7}},"2":{"start":{"line":19,"column":8},"end":{"line":29,"column":9}},"3":{"start":{"line":20,"column":10},"end":{"line":28,"column":12}},"4":{"start":{"line":30,"column":8},"end":{"line":38,"column":9}},"5":{"start":{"line":31,"column":10},"end":{"line":37,"column":12}},"6":{"start":{"line":39,"column":8},"end":{"line":46,"column":9}},"7":{"start":{"line":40,"column":10},"end":{"line":45,"column":12}},"8":{"start":{"line":53,"column":0},"end":{"line":55,"column":2}}},"fnMap":{"0":{"name":"(anonymous_0)","decl":{"start":{"line":7,"column":19},"end":{"line":7,"column":20}},"loc":{"start":{"line":10,"column":2},"end":{"line":50,"column":7}},"line":10},"1":{"name":"(anonymous_1)","decl":{"start":{"line":18,"column":6},"end":{"line":18,"column":7}},"loc":{"start":{"line":18,"column":27},"end":{"line":47,"column":7}},"line":18}},"branchMap":{"0":{"loc":{"start":{"line":12,"column":4},"end":{"line":13,"column":15}},"type":"binary-expr","locations":[{"start":{"line":12,"column":4},"end":{"line":12,"column":21}},{"start":{"line":13,"column":4},"end":{"line":13,"column":15}}],"line":12},"1":{"loc":{"start":{"line":16,"column":4},"end":{"line":48,"column":5}},"type":"binary-expr","locations":[{"start":{"line":16,"column":4},"end":{"line":16,"column":19}},{"start":{"line":17,"column":4},"end":{"line":48,"column":5}}],"line":16},"2":{"loc":{"start":{"line":19,"column":8},"end":{"line":29,"column":9}},"type":"if","locations":[{"start":{"line":19,"column":8},"end":{"line":29,"column":9}},{"start":{"line":19,"column":8},"end":{"line":29,"column":9}}],"line":19},"3":{"loc":{"start":{"line":30,"column":8},"end":{"line":38,"column":9}},"type":"if","locations":[{"start":{"line":30,"column":8},"end":{"line":38,"column":9}},{"start":{"line":30,"column":8},"end":{"line":38,"column":9}}],"line":30},"4":{"loc":{"start":{"line":39,"column":8},"end":{"line":46,"column":9}},"type":"if","locations":[{"start":{"line":39,"column":8},"end":{"line":46,"column":9}},{"start":{"line":39,"column":8},"end":{"line":46,"column":9}}],"line":39}},"s":{"0":15,"1":3,"2":7,"3":3,"4":4,"5":1,"6":3,"7":3,"8":15},"f":{"0":3,"1":7},"b":{"0":[3,0],"1":[3,3],"2":[3,4],"3":[1,3],"4":[3,0]},"_coverageSchema":"332fd63041d2c1bcb487cc26dd0d5f7d97098a6c","hash":"8fae8e514c697d92a8eeb6c4c0c1c7a733e81f1b"}
,"/Users/mackentoch/GitProjects/react-director-admin-template/src/app/components/button/Button.js": {"path":"/Users/mackentoch/GitProjects/react-director-admin-template/src/app/components/button/Button.js","statementMap":{"0":{"start":{"line":7,"column":15},"end":{"line":30,"column":1}},"1":{"start":{"line":12,"column":2},"end":{"line":29,"column":4}},"2":{"start":{"line":32,"column":0},"end":{"line":36,"column":2}},"3":{"start":{"line":38,"column":0},"end":{"line":40,"column":2}}},"fnMap":{"0":{"name":"(anonymous_0)","decl":{"start":{"line":7,"column":15},"end":{"line":7,"column":16}},"loc":{"start":{"line":11,"column":6},"end":{"line":30,"column":1}},"line":11}},"branchMap":{},"s":{"0":15,"1":8,"2":15,"3":15},"f":{"0":8},"b":{},"_coverageSchema":"332fd63041d2c1bcb487cc26dd0d5f7d97098a6c","hash":"1a5f1a3cf4440110ae1479c3e31b9be090f275e7"}
,"/Users/mackentoch/GitProjects/react-director-admin-template/src/app/components/earningGraph/EarningGraph.js": {"path":"/Users/mackentoch/GitProjects/react-director-admin-template/src/app/components/earningGraph/EarningGraph.js","statementMap":{"0":{"start":{"line":28,"column":33},"end":{"line":28,"column":43}},"1":{"start":{"line":29,"column":4},"end":{"line":29,"column":39}},"2":{"start":{"line":33,"column":33},"end":{"line":33,"column":43}},"3":{"start":{"line":34,"column":4},"end":{"line":40,"column":5}},"4":{"start":{"line":36,"column":6},"end":{"line":39,"column":9}},"5":{"start":{"line":44,"column":4},"end":{"line":55,"column":6}},"6":{"start":{"line":58,"column":24},"end":{"line":58,"column":44}},"7":{"start":{"line":62,"column":20},"end":{"line":65,"column":5}},"8":{"start":{"line":67,"column":4},"end":{"line":76,"column":5}},"9":{"start":{"line":68,"column":6},"end":{"line":75,"column":8}}},"fnMap":{"0":{"name":"(anonymous_0)","decl":{"start":{"line":27,"column":2},"end":{"line":27,"column":3}},"loc":{"start":{"line":27,"column":22},"end":{"line":30,"column":3}},"line":27},"1":{"name":"(anonymous_1)","decl":{"start":{"line":32,"column":2},"end":{"line":32,"column":3}},"loc":{"start":{"line":32,"column":38},"end":{"line":41,"column":3}},"line":32},"2":{"name":"(anonymous_2)","decl":{"start":{"line":43,"column":2},"end":{"line":43,"column":3}},"loc":{"start":{"line":43,"column":11},"end":{"line":56,"column":3}},"line":43},"3":{"name":"(anonymous_3)","decl":{"start":{"line":58,"column":16},"end":{"line":58,"column":17}},"loc":{"start":{"line":58,"column":24},"end":{"line":58,"column":44}},"line":58},"4":{"name":"(anonymous_4)","decl":{"start":{"line":60,"column":2},"end":{"line":60,"column":3}},"loc":{"start":{"line":60,"column":18},"end":{"line":77,"column":3}},"line":60}},"branchMap":{"0":{"loc":{"start":{"line":34,"column":4},"end":{"line":40,"column":5}},"type":"if","locations":[{"start":{"line":34,"column":4},"end":{"line":40,"column":5}},{"start":{"line":34,"column":4},"end":{"line":40,"column":5}}],"line":34},"1":{"loc":{"start":{"line":34,"column":8},"end":{"line":35,"column":54}},"type":"binary-expr","locations":[{"start":{"line":34,"column":9},"end":{"line":34,"column":35}},{"start":{"line":34,"column":39},"end":{"line":34,"column":67}},{"start":{"line":35,"column":9},"end":{"line":35,"column":28}},{"start":{"line":35,"column":32},"end":{"line":35,"column":53}}],"line":34},"2":{"loc":{"start":{"line":67,"column":4},"end":{"line":76,"column":5}},"type":"if","locations":[{"start":{"line":67,"column":4},"end":{"line":76,"column":5}},{"start":{"line":67,"column":4},"end":{"line":76,"column":5}}],"line":67}},"s":{"0":4,"1":4,"2":0,"3":0,"4":0,"5":4,"6":5,"7":4,"8":4,"9":3},"f":{"0":4,"1":0,"2":4,"3":5,"4":4},"b":{"0":[0,0],"1":[0,0,0,0],"2":[3,1]},"_coverageSchema":"332fd63041d2c1bcb487cc26dd0d5f7d97098a6c","hash":"e48faede411786aa681b854bf982ffa5df77e6c5"}
,"/Users/mackentoch/GitProjects/react-director-admin-template/src/app/components/footer/Footer.js": {"path":"/Users/mackentoch/GitProjects/react-director-admin-template/src/app/components/footer/Footer.js","statementMap":{"0":{"start":{"line":5,"column":15},"end":{"line":9,"column":1}},"1":{"start":{"line":6,"column":2},"end":{"line":8,"column":8}}},"fnMap":{"0":{"name":"(anonymous_0)","decl":{"start":{"line":5,"column":15},"end":{"line":5,"column":16}},"loc":{"start":{"line":6,"column":2},"end":{"line":8,"column":8}},"line":6}},"branchMap":{},"s":{"0":15,"1":1},"f":{"0":1},"b":{},"_coverageSchema":"332fd63041d2c1bcb487cc26dd0d5f7d97098a6c","hash":"1a2802fe4a531720ea2e62cc1e965713717551c0"}
,"/Users/mackentoch/GitProjects/react-director-admin-template/src/app/components/header/Header.js": {"path":"/Users/mackentoch/GitProjects/react-director-admin-template/src/app/components/header/Header.js","statementMap":{"0":{"start":{"line":10,"column":15},"end":{"line":48,"column":1}},"1":{"start":{"line":20,"column":2},"end":{"line":47,"column":11}},"2":{"start":{"line":50,"column":0},"end":{"line":62,"column":2}},"3":{"start":{"line":64,"column":0},"end":{"line":66,"column":2}},"4":{"start":{"line":68,"column":0},"end":{"line":68,"column":30}}},"fnMap":{"0":{"name":"(anonymous_0)","decl":{"start":{"line":10,"column":15},"end":{"line":10,"column":16}},"loc":{"start":{"line":20,"column":2},"end":{"line":47,"column":11}},"line":20}},"branchMap":{},"s":{"0":15,"1":1,"2":15,"3":15,"4":15},"f":{"0":1},"b":{},"_coverageSchema":"332fd63041d2c1bcb487cc26dd0d5f7d97098a6c","hash":"542dfa705800ed59c20add3eeb40b3995689c679"}
,"/Users/mackentoch/GitProjects/react-director-admin-template/src/app/components/header/button/Button.js": {"path":"/Users/mackentoch/GitProjects/react-director-admin-template/src/app/components/header/button/Button.js","statementMap":{"0":{"start":{"line":6,"column":15},"end":{"line":22,"column":1}},"1":{"start":{"line":9,"column":2},"end":{"line":21,"column":6}},"2":{"start":{"line":24,"column":0},"end":{"line":26,"column":2}}},"fnMap":{"0":{"name":"(anonymous_0)","decl":{"start":{"line":6,"column":15},"end":{"line":6,"column":16}},"loc":{"start":{"line":9,"column":2},"end":{"line":21,"column":6}},"line":9}},"branchMap":{},"s":{"0":16,"1":2,"2":16},"f":{"0":2},"b":{},"_coverageSchema":"332fd63041d2c1bcb487cc26dd0d5f7d97098a6c","hash":"7cb743edd738bcb612d87bc58fcc179e64713db9"}
,"/Users/mackentoch/GitProjects/react-director-admin-template/src/app/components/header/messageMenu/MessageMenu.js": {"path":"/Users/mackentoch/GitProjects/react-director-admin-template/src/app/components/header/messageMenu/MessageMenu.js","statementMap":{"0":{"start":{"line":10,"column":20},"end":{"line":139,"column":1}},"1":{"start":{"line":11,"column":2},"end":{"line":138,"column":7}}},"fnMap":{"0":{"name":"(anonymous_0)","decl":{"start":{"line":10,"column":20},"end":{"line":10,"column":21}},"loc":{"start":{"line":11,"column":2},"end":{"line":138,"column":7}},"line":11}},"branchMap":{},"s":{"0":16,"1":2},"f":{"0":2},"b":{},"_coverageSchema":"332fd63041d2c1bcb487cc26dd0d5f7d97098a6c","hash":"dbc6896a686d253434d0bd843faa38d24bf47ea0"}
,"/Users/mackentoch/GitProjects/react-director-admin-template/src/app/components/header/taskMenu/TaskMenu.js": {"path":"/Users/mackentoch/GitProjects/react-director-admin-template/src/app/components/header/taskMenu/TaskMenu.js","statementMap":{"0":{"start":{"line":3,"column":17},"end":{"line":122,"column":1}},"1":{"start":{"line":4,"column":2},"end":{"line":121,"column":7}}},"fnMap":{"0":{"name":"(anonymous_0)","decl":{"start":{"line":3,"column":17},"end":{"line":3,"column":18}},"loc":{"start":{"line":4,"column":2},"end":{"line":121,"column":7}},"line":4}},"branchMap":{},"s":{"0":16,"1":2},"f":{"0":2},"b":{},"_coverageSchema":"332fd63041d2c1bcb487cc26dd0d5f7d97098a6c","hash":"f1542374e756273fdaecb715757d39e41390f03d"}
,"/Users/mackentoch/GitProjects/react-director-admin-template/src/app/components/header/userMenu/UserMenu.js": {"path":"/Users/mackentoch/GitProjects/react-director-admin-template/src/app/components/header/userMenu/UserMenu.js","statementMap":{"0":{"start":{"line":10,"column":17},"end":{"line":119,"column":1}},"1":{"start":{"line":52,"column":2},"end":{"line":118,"column":7}},"2":{"start":{"line":121,"column":0},"end":{"line":127,"column":2}},"3":{"start":{"line":129,"column":0},"end":{"line":131,"column":2}},"4":{"start":{"line":133,"column":0},"end":{"line":133,"column":34}}},"fnMap":{"0":{"name":"(anonymous_0)","decl":{"start":{"line":10,"column":17},"end":{"line":10,"column":18}},"loc":{"start":{"line":52,"column":2},"end":{"line":118,"column":7}},"line":52},"1":{"name":"(anonymous_1)","decl":{"start":{"line":130,"column":12},"end":{"line":130,"column":13}},"loc":{"start":{"line":130,"column":18},"end":{"line":130,"column":20}},"line":130}},"branchMap":{},"s":{"0":16,"1":2,"2":16,"3":16,"4":16},"f":{"0":2,"1":0},"b":{},"_coverageSchema":"332fd63041d2c1bcb487cc26dd0d5f7d97098a6c","hash":"bce9034097d672a9f27294827d2c207ff9b2b74f"}
,"/Users/mackentoch/GitProjects/react-director-admin-template/src/app/components/horloge/Horloge.js": {"path":"/Users/mackentoch/GitProjects/react-director-admin-template/src/app/components/horloge/Horloge.js","statementMap":{"0":{"start":{"line":8,"column":21},"end":{"line":8,"column":25}},"1":{"start":{"line":9,"column":21},"end":{"line":9,"column":33}},"2":{"start":{"line":10,"column":21},"end":{"line":10,"column":31}},"3":{"start":{"line":21,"column":4},"end":{"line":24,"column":6}},"4":{"start":{"line":22,"column":12},"end":{"line":22,"column":25}},"5":{"start":{"line":28,"column":4},"end":{"line":28,"column":32}},"6":{"start":{"line":29,"column":4},"end":{"line":29,"column":24}},"7":{"start":{"line":33,"column":27},"end":{"line":33,"column":37}},"8":{"start":{"line":34,"column":4},"end":{"line":53,"column":6}},"9":{"start":{"line":57,"column":4},"end":{"line":60,"column":7}}},"fnMap":{"0":{"name":"(anonymous_0)","decl":{"start":{"line":20,"column":2},"end":{"line":20,"column":3}},"loc":{"start":{"line":20,"column":22},"end":{"line":25,"column":3}},"line":20},"1":{"name":"(anonymous_1)","decl":{"start":{"line":22,"column":6},"end":{"line":22,"column":7}},"loc":{"start":{"line":22,"column":12},"end":{"line":22,"column":25}},"line":22},"2":{"name":"(anonymous_2)","decl":{"start":{"line":27,"column":2},"end":{"line":27,"column":3}},"loc":{"start":{"line":27,"column":25},"end":{"line":30,"column":3}},"line":27},"3":{"name":"(anonymous_3)","decl":{"start":{"line":32,"column":2},"end":{"line":32,"column":3}},"loc":{"start":{"line":32,"column":11},"end":{"line":54,"column":3}},"line":32},"4":{"name":"(anonymous_4)","decl":{"start":{"line":56,"column":2},"end":{"line":56,"column":3}},"loc":{"start":{"line":56,"column":11},"end":{"line":61,"column":3}},"line":56}},"branchMap":{},"s":{"0":14,"1":14,"2":14,"3":0,"4":0,"5":0,"6":0,"7":0,"8":0,"9":0},"f":{"0":0,"1":0,"2":0,"3":0,"4":0},"b":{},"_coverageSchema":"332fd63041d2c1bcb487cc26dd0d5f7d97098a6c","hash":"82ce924ba0cef802586009570412f43fc0f7a2f0"}
,"/Users/mackentoch/GitProjects/react-director-admin-template/src/app/components/jumbotron/Jumbotron.js": {"path":"/Users/mackentoch/GitProjects/react-director-admin-template/src/app/components/jumbotron/Jumbotron.js","statementMap":{"0":{"start":{"line":6,"column":18},"end":{"line":12,"column":1}},"1":{"start":{"line":9,"column":2},"end":{"line":11,"column":8}},"2":{"start":{"line":14,"column":0},"end":{"line":16,"column":2}}},"fnMap":{"0":{"name":"(anonymous_0)","decl":{"start":{"line":6,"column":18},"end":{"line":6,"column":19}},"loc":{"start":{"line":9,"column":2},"end":{"line":11,"column":8}},"line":9}},"branchMap":{},"s":{"0":15,"1":1,"2":15},"f":{"0":1},"b":{},"_coverageSchema":"332fd63041d2c1bcb487cc26dd0d5f7d97098a6c","hash":"d07ec3aa6a6b6ef769b16eaa386c032a1e744a68"}
,"/Users/mackentoch/GitProjects/react-director-admin-template/src/app/components/label/Label.js": {"path":"/Users/mackentoch/GitProjects/react-director-admin-template/src/app/components/label/Label.js","statementMap":{"0":{"start":{"line":7,"column":14},"end":{"line":28,"column":1}},"1":{"start":{"line":11,"column":2},"end":{"line":27,"column":4}},"2":{"start":{"line":30,"column":0},"end":{"line":33,"column":2}},"3":{"start":{"line":35,"column":0},"end":{"line":38,"column":2}}},"fnMap":{"0":{"name":"(anonymous_0)","decl":{"start":{"line":7,"column":14},"end":{"line":7,"column":15}},"loc":{"start":{"line":10,"column":6},"end":{"line":28,"column":1}},"line":10}},"branchMap":{},"s":{"0":14,"1":7,"2":14,"3":14},"f":{"0":7},"b":{},"_coverageSchema":"332fd63041d2c1bcb487cc26dd0d5f7d97098a6c","hash":"c890113bc6063ff99fd59b59c2e22d998dfed405"}
,"/Users/mackentoch/GitProjects/react-director-admin-template/src/app/components/label/label.js": {"path":"/Users/mackentoch/GitProjects/react-director-admin-template/src/app/components/label/label.js","statementMap":{"0":{"start":{"line":7,"column":14},"end":{"line":28,"column":1}},"1":{"start":{"line":11,"column":2},"end":{"line":27,"column":4}},"2":{"start":{"line":30,"column":0},"end":{"line":33,"column":2}},"3":{"start":{"line":35,"column":0},"end":{"line":38,"column":2}}},"fnMap":{"0":{"name":"(anonymous_0)","decl":{"start":{"line":7,"column":14},"end":{"line":7,"column":15}},"loc":{"start":{"line":10,"column":6},"end":{"line":28,"column":1}},"line":10}},"branchMap":{},"s":{"0":1,"1":1,"2":1,"3":1},"f":{"0":1},"b":{},"_coverageSchema":"332fd63041d2c1bcb487cc26dd0d5f7d97098a6c","hash":"b6aff5eada65a18e256c18a8f73c05291c240987"}
,"/Users/mackentoch/GitProjects/react-director-admin-template/src/app/components/notifications/Notifications.js": {"path":"/Users/mackentoch/GitProjects/react-director-admin-template/src/app/components/notifications/Notifications.js","statementMap":{"0":{"start":{"line":7,"column":22},"end":{"line":55,"column":1}},"1":{"start":{"line":8,"column":2},"end":{"line":54,"column":22}}},"fnMap":{"0":{"name":"(anonymous_0)","decl":{"start":{"line":7,"column":22},"end":{"line":7,"column":23}},"loc":{"start":{"line":8,"column":2},"end":{"line":54,"column":22}},"line":8}},"branchMap":{},"s":{"0":15,"1":4},"f":{"0":4},"b":{},"_coverageSchema":"332fd63041d2c1bcb487cc26dd0d5f7d97098a6c","hash":"a2227d6296cd4cc51c4712532b5210abc4a6a351"}
,"/Users/mackentoch/GitProjects/react-director-admin-template/src/app/components/notifications/index.js": {"path":"/Users/mackentoch/GitProjects/react-director-admin-template/src/app/components/notifications/index.js","statementMap":{},"fnMap":{},"branchMap":{},"s":{},"f":{},"b":{},"_coverageSchema":"332fd63041d2c1bcb487cc26dd0d5f7d97098a6c","hash":"d53382600bacbee7109e8086cedd6886c44605b5"}
,"/Users/mackentoch/GitProjects/react-director-admin-template/src/app/components/notifications/notification/Notification.js": {"path":"/Users/mackentoch/GitProjects/react-director-admin-template/src/app/components/notifications/notification/Notification.js","statementMap":{"0":{"start":{"line":7,"column":21},"end":{"line":29,"column":1}},"1":{"start":{"line":11,"column":2},"end":{"line":28,"column":8}},"2":{"start":{"line":31,"column":0},"end":{"line":34,"column":2}},"3":{"start":{"line":36,"column":0},"end":{"line":38,"column":2}}},"fnMap":{"0":{"name":"(anonymous_0)","decl":{"start":{"line":7,"column":21},"end":{"line":7,"column":22}},"loc":{"start":{"line":11,"column":2},"end":{"line":28,"column":8}},"line":11}},"branchMap":{},"s":{"0":16,"1":26,"2":16,"3":16},"f":{"0":26},"b":{},"_coverageSchema":"332fd63041d2c1bcb487cc26dd0d5f7d97098a6c","hash":"f84d13eb4f9ecd087269f761c79d69ea07d9ae95"}
,"/Users/mackentoch/GitProjects/react-director-admin-template/src/app/components/notifications/notificationPanel/NotificationPanel.js": {"path":"/Users/mackentoch/GitProjects/react-director-admin-template/src/app/components/notifications/notificationPanel/NotificationPanel.js","statementMap":{"0":{"start":{"line":6,"column":26},"end":{"line":20,"column":1}},"1":{"start":{"line":10,"column":2},"end":{"line":19,"column":12}},"2":{"start":{"line":22,"column":0},"end":{"line":25,"column":2}},"3":{"start":{"line":27,"column":0},"end":{"line":29,"column":2}}},"fnMap":{"0":{"name":"(anonymous_0)","decl":{"start":{"line":6,"column":26},"end":{"line":6,"column":27}},"loc":{"start":{"line":10,"column":2},"end":{"line":19,"column":12}},"line":10}},"branchMap":{},"s":{"0":16,"1":6,"2":16,"3":16},"f":{"0":6},"b":{},"_coverageSchema":"332fd63041d2c1bcb487cc26dd0d5f7d97098a6c","hash":"8189bf4d918baa54fa652579c3b03d2e167646d9"}
,"/Users/mackentoch/GitProjects/react-director-admin-template/src/app/components/pager/Pager.js": {"path":"/Users/mackentoch/GitProjects/react-director-admin-template/src/app/components/pager/Pager.js","statementMap":{"0":{"start":{"line":7,"column":14},"end":{"line":36,"column":1}},"1":{"start":{"line":12,"column":2},"end":{"line":35,"column":8}},"2":{"start":{"line":38,"column":0},"end":{"line":42,"column":2}},"3":{"start":{"line":44,"column":0},"end":{"line":46,"column":2}}},"fnMap":{"0":{"name":"(anonymous_0)","decl":{"start":{"line":7,"column":14},"end":{"line":7,"column":15}},"loc":{"start":{"line":12,"column":2},"end":{"line":35,"column":8}},"line":12}},"branchMap":{},"s":{"0":15,"1":5,"2":15,"3":15},"f":{"0":5},"b":{},"_coverageSchema":"332fd63041d2c1bcb487cc26dd0d5f7d97098a6c","hash":"cd7eb9b52993b8e7b9440c1a14cf2db3545c2d21"}
,"/Users/mackentoch/GitProjects/react-director-admin-template/src/app/components/pagination/Pagination.js": {"path":"/Users/mackentoch/GitProjects/react-director-admin-template/src/app/components/pagination/Pagination.js","statementMap":{"0":{"start":{"line":7,"column":19},"end":{"line":47,"column":1}},"1":{"start":{"line":11,"column":35},"end":{"line":11,"column":87}},"2":{"start":{"line":11,"column":81},"end":{"line":11,"column":86}},"3":{"start":{"line":13,"column":2},"end":{"line":46,"column":4}},"4":{"start":{"line":30,"column":12},"end":{"line":36,"column":14}},"5":{"start":{"line":49,"column":0},"end":{"line":52,"column":2}},"6":{"start":{"line":54,"column":0},"end":{"line":57,"column":2}}},"fnMap":{"0":{"name":"(anonymous_0)","decl":{"start":{"line":7,"column":19},"end":{"line":7,"column":20}},"loc":{"start":{"line":10,"column":6},"end":{"line":47,"column":1}},"line":10},"1":{"name":"(anonymous_1)","decl":{"start":{"line":11,"column":70},"end":{"line":11,"column":71}},"loc":{"start":{"line":11,"column":81},"end":{"line":11,"column":86}},"line":11},"2":{"name":"(anonymous_2)","decl":{"start":{"line":29,"column":10},"end":{"line":29,"column":11}},"loc":{"start":{"line":29,"column":26},"end":{"line":37,"column":11}},"line":29}},"branchMap":{},"s":{"0":15,"1":7,"2":35,"3":7,"4":35,"5":15,"6":15},"f":{"0":7,"1":35,"2":35},"b":{},"_coverageSchema":"332fd63041d2c1bcb487cc26dd0d5f7d97098a6c","hash":"89ad0a5e01f3d46c6ca61d1ec8c417739b01d162"}
,"/Users/mackentoch/GitProjects/react-director-admin-template/src/app/components/panel/Panel.js": {"path":"/Users/mackentoch/GitProjects/react-director-admin-template/src/app/components/panel/Panel.js","statementMap":{"0":{"start":{"line":6,"column":14},"end":{"line":27,"column":1}},"1":{"start":{"line":14,"column":2},"end":{"line":26,"column":12}},"2":{"start":{"line":29,"column":0},"end":{"line":36,"column":2}},"3":{"start":{"line":38,"column":0},"end":{"line":43,"column":2}}},"fnMap":{"0":{"name":"(anonymous_0)","decl":{"start":{"line":6,"column":14},"end":{"line":6,"column":15}},"loc":{"start":{"line":14,"column":2},"end":{"line":26,"column":12}},"line":14}},"branchMap":{"0":{"loc":{"start":{"line":16,"column":6},"end":{"line":19,"column":15}},"type":"binary-expr","locations":[{"start":{"line":16,"column":6},"end":{"line":16,"column":14}},{"start":{"line":17,"column":6},"end":{"line":19,"column":15}}],"line":16}},"s":{"0":19,"1":43,"2":19,"3":19},"f":{"0":43},"b":{"0":[43,42]},"_coverageSchema":"332fd63041d2c1bcb487cc26dd0d5f7d97098a6c","hash":"143fdb9c36053d35bf9e198d8739fa24282a9221"}
,"/Users/mackentoch/GitProjects/react-director-admin-template/src/app/components/progressBar/ProgressBar.js": {"path":"/Users/mackentoch/GitProjects/react-director-admin-template/src/app/components/progressBar/ProgressBar.js","statementMap":{"0":{"start":{"line":7,"column":20},"end":{"line":50,"column":1}},"1":{"start":{"line":17,"column":2},"end":{"line":49,"column":4}},"2":{"start":{"line":52,"column":0},"end":{"line":61,"column":2}},"3":{"start":{"line":63,"column":0},"end":{"line":72,"column":2}}},"fnMap":{"0":{"name":"(anonymous_0)","decl":{"start":{"line":7,"column":20},"end":{"line":7,"column":21}},"loc":{"start":{"line":16,"column":6},"end":{"line":50,"column":1}},"line":16}},"branchMap":{},"s":{"0":15,"1":17,"2":15,"3":15},"f":{"0":17},"b":{},"_coverageSchema":"332fd63041d2c1bcb487cc26dd0d5f7d97098a6c","hash":"87a56eb9c7407838adef09b37f966d74d8ce458d"}
,"/Users/mackentoch/GitProjects/react-director-admin-template/src/app/components/scrollToTop/ScrollToTop.js": {"path":"/Users/mackentoch/GitProjects/react-director-admin-template/src/app/components/scrollToTop/ScrollToTop.js","statementMap":{"0":{"start":{"line":20,"column":4},"end":{"line":27,"column":5}},"1":{"start":{"line":21,"column":41},"end":{"line":21,"column":50}},"2":{"start":{"line":22,"column":41},"end":{"line":22,"column":51}},"3":{"start":{"line":24,"column":6},"end":{"line":26,"column":7}},"4":{"start":{"line":25,"column":8},"end":{"line":25,"column":30}},"5":{"start":{"line":31,"column":25},"end":{"line":31,"column":35}},"6":{"start":{"line":32,"column":4},"end":{"line":32,"column":20}}},"fnMap":{"0":{"name":"(anonymous_0)","decl":{"start":{"line":19,"column":2},"end":{"line":19,"column":3}},"loc":{"start":{"line":19,"column":32},"end":{"line":28,"column":3}},"line":19},"1":{"name":"(anonymous_1)","decl":{"start":{"line":30,"column":2},"end":{"line":30,"column":3}},"loc":{"start":{"line":30,"column":11},"end":{"line":33,"column":3}},"line":30}},"branchMap":{"0":{"loc":{"start":{"line":20,"column":4},"end":{"line":27,"column":5}},"type":"if","locations":[{"start":{"line":20,"column":4},"end":{"line":27,"column":5}},{"start":{"line":20,"column":4},"end":{"line":27,"column":5}}],"line":20},"1":{"loc":{"start":{"line":24,"column":6},"end":{"line":26,"column":7}},"type":"if","locations":[{"start":{"line":24,"column":6},"end":{"line":26,"column":7}},{"start":{"line":24,"column":6},"end":{"line":26,"column":7}}],"line":24}},"s":{"0":0,"1":0,"2":0,"3":0,"4":0,"5":0,"6":0},"f":{"0":0,"1":0},"b":{"0":[0,0],"1":[0,0]},"_coverageSchema":"332fd63041d2c1bcb487cc26dd0d5f7d97098a6c","hash":"0d15114704643d7effe0b779bb4d0ace54d387f4"}
,"/Users/mackentoch/GitProjects/react-director-admin-template/src/app/components/stat/Stat.js": {"path":"/Users/mackentoch/GitProjects/react-director-admin-template/src/app/components/stat/Stat.js","statementMap":{"0":{"start":{"line":7,"column":13},"end":{"line":30,"column":1}},"1":{"start":{"line":13,"column":2},"end":{"line":29,"column":8}},"2":{"start":{"line":32,"column":0},"end":{"line":37,"column":2}},"3":{"start":{"line":39,"column":0},"end":{"line":42,"column":2}}},"fnMap":{"0":{"name":"(anonymous_0)","decl":{"start":{"line":7,"column":13},"end":{"line":7,"column":14}},"loc":{"start":{"line":13,"column":2},"end":{"line":29,"column":8}},"line":13}},"branchMap":{"0":{"loc":{"start":{"line":21,"column":45},"end":{"line":21,"column":74}},"type":"cond-expr","locations":[{"start":{"line":21,"column":60},"end":{"line":21,"column":69}},{"start":{"line":21,"column":72},"end":{"line":21,"column":74}}],"line":21}},"s":{"0":15,"1":13,"2":15,"3":15},"f":{"0":13},"b":{"0":[2,11]},"_coverageSchema":"332fd63041d2c1bcb487cc26dd0d5f7d97098a6c","hash":"3c324f8a098d1d7ab5818a2198173c40e226c560"}
,"/Users/mackentoch/GitProjects/react-director-admin-template/src/app/components/statsCard/StatsCard.js": {"path":"/Users/mackentoch/GitProjects/react-director-admin-template/src/app/components/statsCard/StatsCard.js","statementMap":{"0":{"start":{"line":6,"column":18},"end":{"line":25,"column":1}},"1":{"start":{"line":12,"column":2},"end":{"line":24,"column":8}},"2":{"start":{"line":27,"column":0},"end":{"line":37,"column":2}},"3":{"start":{"line":39,"column":0},"end":{"line":44,"column":2}}},"fnMap":{"0":{"name":"(anonymous_0)","decl":{"start":{"line":6,"column":18},"end":{"line":6,"column":19}},"loc":{"start":{"line":12,"column":2},"end":{"line":24,"column":8}},"line":12}},"branchMap":{},"s":{"0":15,"1":17,"2":15,"3":15},"f":{"0":17},"b":{},"_coverageSchema":"332fd63041d2c1bcb487cc26dd0d5f7d97098a6c","hash":"ecac7f3a58bf1adee7baf15676c1e6ad1ec7d263"}
,"/Users/mackentoch/GitProjects/react-director-admin-template/src/app/components/tabPanel/TabPanelDemo.js": {"path":"/Users/mackentoch/GitProjects/react-director-admin-template/src/app/components/tabPanel/TabPanelDemo.js","statementMap":{"0":{"start":{"line":9,"column":19},"end":{"line":14,"column":1}},"1":{"start":{"line":16,"column":21},"end":{"line":33,"column":1}},"2":{"start":{"line":17,"column":2},"end":{"line":32,"column":4}}},"fnMap":{"0":{"name":"(anonymous_0)","decl":{"start":{"line":16,"column":21},"end":{"line":16,"column":22}},"loc":{"start":{"line":16,"column":27},"end":{"line":33,"column":1}},"line":16}},"branchMap":{},"s":{"0":15,"1":15,"2":1},"f":{"0":1},"b":{},"_coverageSchema":"332fd63041d2c1bcb487cc26dd0d5f7d97098a6c","hash":"7d6d0f522ebdcfbe47bb2eff006d0e5d7724ad5f"}
,"/Users/mackentoch/GitProjects/react-director-admin-template/src/app/components/tabPanel/index.js": {"path":"/Users/mackentoch/GitProjects/react-director-admin-template/src/app/components/tabPanel/index.js","statementMap":{},"fnMap":{},"branchMap":{},"s":{},"f":{},"b":{},"_coverageSchema":"332fd63041d2c1bcb487cc26dd0d5f7d97098a6c","hash":"6e070d118789133a3d29c3eb9c8317f2b2b1cb1b"}
,"/Users/mackentoch/GitProjects/react-director-admin-template/src/app/components/tabPanel/tabPanel/TabPanel.js": {"path":"/Users/mackentoch/GitProjects/react-director-admin-template/src/app/components/tabPanel/tabPanel/TabPanel.js","statementMap":{"0":{"start":{"line":6,"column":17},"end":{"line":12,"column":1}},"1":{"start":{"line":9,"column":2},"end":{"line":11,"column":12}},"2":{"start":{"line":14,"column":0},"end":{"line":16,"column":2}}},"fnMap":{"0":{"name":"(anonymous_0)","decl":{"start":{"line":6,"column":17},"end":{"line":6,"column":18}},"loc":{"start":{"line":9,"column":2},"end":{"line":11,"column":12}},"line":9}},"branchMap":{},"s":{"0":16,"1":4,"2":16},"f":{"0":4},"b":{},"_coverageSchema":"332fd63041d2c1bcb487cc26dd0d5f7d97098a6c","hash":"98c2d6f170da8fd45c60e92dfea7b299941a5326"}
,"/Users/mackentoch/GitProjects/react-director-admin-template/src/app/components/tabPanel/tabPanelBody/TabPanelBody.js": {"path":"/Users/mackentoch/GitProjects/react-director-admin-template/src/app/components/tabPanel/tabPanelBody/TabPanelBody.js","statementMap":{"0":{"start":{"line":6,"column":21},"end":{"line":14,"column":1}},"1":{"start":{"line":9,"column":2},"end":{"line":13,"column":8}},"2":{"start":{"line":16,"column":0},"end":{"line":18,"column":2}}},"fnMap":{"0":{"name":"(anonymous_0)","decl":{"start":{"line":6,"column":21},"end":{"line":6,"column":22}},"loc":{"start":{"line":9,"column":2},"end":{"line":13,"column":8}},"line":9}},"branchMap":{},"s":{"0":16,"1":4,"2":16},"f":{"0":4},"b":{},"_coverageSchema":"332fd63041d2c1bcb487cc26dd0d5f7d97098a6c","hash":"d1c2a894602cd412136cd349fd595f506e6dd706"}
,"/Users/mackentoch/GitProjects/react-director-admin-template/src/app/components/tabPanel/tabPanelBodyContent/TabPanelBodyContent.js": {"path":"/Users/mackentoch/GitProjects/react-director-admin-template/src/app/components/tabPanel/tabPanelBodyContent/TabPanelBodyContent.js","statementMap":{"0":{"start":{"line":7,"column":28},"end":{"line":22,"column":1}},"1":{"start":{"line":12,"column":2},"end":{"line":21,"column":8}},"2":{"start":{"line":25,"column":0},"end":{"line":29,"column":2}},"3":{"start":{"line":31,"column":0},"end":{"line":33,"column":2}}},"fnMap":{"0":{"name":"(anonymous_0)","decl":{"start":{"line":7,"column":28},"end":{"line":7,"column":29}},"loc":{"start":{"line":12,"column":2},"end":{"line":21,"column":8}},"line":12}},"branchMap":{},"s":{"0":16,"1":10,"2":16,"3":16},"f":{"0":10},"b":{},"_coverageSchema":"332fd63041d2c1bcb487cc26dd0d5f7d97098a6c","hash":"55ae3406c89ef457c01d09c462cc16917a65f67a"}
,"/Users/mackentoch/GitProjects/react-director-admin-template/src/app/components/tabPanel/tabPanelHeader/TabPanelHeader.js": {"path":"/Users/mackentoch/GitProjects/react-director-admin-template/src/app/components/tabPanel/tabPanelHeader/TabPanelHeader.js","statementMap":{"0":{"start":{"line":8,"column":23},"end":{"line":53,"column":1}},"1":{"start":{"line":11,"column":32},"end":{"line":11,"column":77}},"2":{"start":{"line":11,"column":54},"end":{"line":11,"column":76}},"3":{"start":{"line":13,"column":26},"end":{"line":13,"column":39}},"4":{"start":{"line":14,"column":2},"end":{"line":24,"column":3}},"5":{"start":{"line":15,"column":4},"end":{"line":23,"column":7}},"6":{"start":{"line":16,"column":6},"end":{"line":21,"column":7}},"7":{"start":{"line":17,"column":8},"end":{"line":20,"column":10}},"8":{"start":{"line":22,"column":6},"end":{"line":22,"column":18}},"9":{"start":{"line":26,"column":2},"end":{"line":52,"column":4}},"10":{"start":{"line":32,"column":50},"end":{"line":32,"column":54}},"11":{"start":{"line":34,"column":14},"end":{"line":46,"column":16}},"12":{"start":{"line":55,"column":0},"end":{"line":63,"column":2}}},"fnMap":{"0":{"name":"(anonymous_0)","decl":{"start":{"line":8,"column":23},"end":{"line":8,"column":24}},"loc":{"start":{"line":10,"column":6},"end":{"line":53,"column":1}},"line":10},"1":{"name":"(anonymous_1)","decl":{"start":{"line":11,"column":46},"end":{"line":11,"column":47}},"loc":{"start":{"line":11,"column":54},"end":{"line":11,"column":76}},"line":11},"2":{"name":"(anonymous_2)","decl":{"start":{"line":15,"column":37},"end":{"line":15,"column":38}},"loc":{"start":{"line":15,"column":56},"end":{"line":23,"column":5}},"line":15},"3":{"name":"(anonymous_3)","decl":{"start":{"line":31,"column":12},"end":{"line":31,"column":13}},"loc":{"start":{"line":31,"column":31},"end":{"line":47,"column":13}},"line":31}},"branchMap":{"0":{"loc":{"start":{"line":14,"column":2},"end":{"line":24,"column":3}},"type":"if","locations":[{"start":{"line":14,"column":2},"end":{"line":24,"column":3}},{"start":{"line":14,"column":2},"end":{"line":24,"column":3}}],"line":14},"1":{"loc":{"start":{"line":16,"column":6},"end":{"line":21,"column":7}},"type":"if","locations":[{"start":{"line":16,"column":6},"end":{"line":21,"column":7}},{"start":{"line":16,"column":6},"end":{"line":21,"column":7}}],"line":16},"2":{"loc":{"start":{"line":40,"column":35},"end":{"line":40,"column":71}},"type":"cond-expr","locations":[{"start":{"line":40,"column":55},"end":{"line":40,"column":61}},{"start":{"line":40,"column":64},"end":{"line":40,"column":71}}],"line":40}},"s":{"0":16,"1":4,"2":4,"3":4,"4":4,"5":0,"6":0,"7":0,"8":0,"9":4,"10":12,"11":12,"12":16},"f":{"0":4,"1":4,"2":0,"3":12},"b":{"0":[0,4],"1":[0,0],"2":[4,8]},"_coverageSchema":"332fd63041d2c1bcb487cc26dd0d5f7d97098a6c","hash":"95fc941425aff296a59b9e38837f836384c87d6c"}
,"/Users/mackentoch/GitProjects/react-director-admin-template/src/app/components/table/Table.js": {"path":"/Users/mackentoch/GitProjects/react-director-admin-template/src/app/components/table/Table.js","statementMap":{"0":{"start":{"line":6,"column":14},"end":{"line":12,"column":1}},"1":{"start":{"line":9,"column":2},"end":{"line":11,"column":10}},"2":{"start":{"line":14,"column":0},"end":{"line":16,"column":2}}},"fnMap":{"0":{"name":"(anonymous_0)","decl":{"start":{"line":6,"column":14},"end":{"line":6,"column":15}},"loc":{"start":{"line":9,"column":2},"end":{"line":11,"column":10}},"line":9}},"branchMap":{},"s":{"0":15,"1":5,"2":15},"f":{"0":5},"b":{},"_coverageSchema":"332fd63041d2c1bcb487cc26dd0d5f7d97098a6c","hash":"619d75d7966b6aece1d72416b90f2045a701425a"}
,"/Users/mackentoch/GitProjects/react-director-admin-template/src/app/components/table/index.js": {"path":"/Users/mackentoch/GitProjects/react-director-admin-template/src/app/components/table/index.js","statementMap":{},"fnMap":{},"branchMap":{},"s":{},"f":{},"b":{},"_coverageSchema":"332fd63041d2c1bcb487cc26dd0d5f7d97098a6c","hash":"75f3593b26a2fa6c3adf5f861670278adef720f8"}
,"/Users/mackentoch/GitProjects/react-director-admin-template/src/app/components/table/tableBody/TableBody.js": {"path":"/Users/mackentoch/GitProjects/react-director-admin-template/src/app/components/table/tableBody/TableBody.js","statementMap":{"0":{"start":{"line":6,"column":18},"end":{"line":12,"column":1}},"1":{"start":{"line":9,"column":2},"end":{"line":11,"column":10}},"2":{"start":{"line":14,"column":0},"end":{"line":16,"column":2}}},"fnMap":{"0":{"name":"(anonymous_0)","decl":{"start":{"line":6,"column":18},"end":{"line":6,"column":19}},"loc":{"start":{"line":9,"column":2},"end":{"line":11,"column":10}},"line":9}},"branchMap":{},"s":{"0":15,"1":5,"2":15},"f":{"0":5},"b":{},"_coverageSchema":"332fd63041d2c1bcb487cc26dd0d5f7d97098a6c","hash":"e9b698cccfd3693b09c5f638cbfe1dc1f204c2c4"}
,"/Users/mackentoch/GitProjects/react-director-admin-template/src/app/components/table/tableCol/TableCol.js": {"path":"/Users/mackentoch/GitProjects/react-director-admin-template/src/app/components/table/tableCol/TableCol.js","statementMap":{"0":{"start":{"line":6,"column":17},"end":{"line":12,"column":1}},"1":{"start":{"line":9,"column":2},"end":{"line":11,"column":7}},"2":{"start":{"line":14,"column":0},"end":{"line":16,"column":2}}},"fnMap":{"0":{"name":"(anonymous_0)","decl":{"start":{"line":6,"column":17},"end":{"line":6,"column":18}},"loc":{"start":{"line":9,"column":2},"end":{"line":11,"column":7}},"line":9}},"branchMap":{},"s":{"0":15,"1":193,"2":15},"f":{"0":193},"b":{},"_coverageSchema":"332fd63041d2c1bcb487cc26dd0d5f7d97098a6c","hash":"47b07cc2832f3d0f48c6c8b8e220a077f435ee5b"}
,"/Users/mackentoch/GitProjects/react-director-admin-template/src/app/components/table/tableHeader/TableHeader.js": {"path":"/Users/mackentoch/GitProjects/react-director-admin-template/src/app/components/table/tableHeader/TableHeader.js","statementMap":{"0":{"start":{"line":6,"column":20},"end":{"line":14,"column":1}},"1":{"start":{"line":9,"column":2},"end":{"line":13,"column":10}},"2":{"start":{"line":16,"column":0},"end":{"line":18,"column":2}}},"fnMap":{"0":{"name":"(anonymous_0)","decl":{"start":{"line":6,"column":20},"end":{"line":6,"column":21}},"loc":{"start":{"line":9,"column":2},"end":{"line":13,"column":10}},"line":9}},"branchMap":{},"s":{"0":15,"1":5,"2":15},"f":{"0":5},"b":{},"_coverageSchema":"332fd63041d2c1bcb487cc26dd0d5f7d97098a6c","hash":"72270624f27ce311db4f895dd7bc638aee59651c"}
,"/Users/mackentoch/GitProjects/react-director-admin-template/src/app/components/table/tableRow/TableRow.js": {"path":"/Users/mackentoch/GitProjects/react-director-admin-template/src/app/components/table/tableRow/TableRow.js","statementMap":{"0":{"start":{"line":6,"column":17},"end":{"line":12,"column":1}},"1":{"start":{"line":9,"column":2},"end":{"line":11,"column":7}},"2":{"start":{"line":14,"column":0},"end":{"line":16,"column":2}}},"fnMap":{"0":{"name":"(anonymous_0)","decl":{"start":{"line":6,"column":17},"end":{"line":6,"column":18}},"loc":{"start":{"line":9,"column":2},"end":{"line":11,"column":7}},"line":9}},"branchMap":{},"s":{"0":15,"1":29,"2":15},"f":{"0":29},"b":{},"_coverageSchema":"332fd63041d2c1bcb487cc26dd0d5f7d97098a6c","hash":"5c5cbf8a81c2387ac4f48a9e0289b6bcdd8b0bc1"}
,"/Users/mackentoch/GitProjects/react-director-admin-template/src/app/components/teamMates/TeamMatesDemo.js": {"path":"/Users/mackentoch/GitProjects/react-director-admin-template/src/app/components/teamMates/TeamMatesDemo.js","statementMap":{"0":{"start":{"line":11,"column":22},"end":{"line":37,"column":1}},"1":{"start":{"line":14,"column":2},"end":{"line":36,"column":10}},"2":{"start":{"line":21,"column":12},"end":{"line":30,"column":14}},"3":{"start":{"line":39,"column":0},"end":{"line":49,"column":2}}},"fnMap":{"0":{"name":"(anonymous_0)","decl":{"start":{"line":11,"column":22},"end":{"line":11,"column":23}},"loc":{"start":{"line":14,"column":2},"end":{"line":36,"column":10}},"line":14},"1":{"name":"(anonymous_1)","decl":{"start":{"line":20,"column":10},"end":{"line":20,"column":11}},"loc":{"start":{"line":20,"column":35},"end":{"line":31,"column":11}},"line":20}},"branchMap":{},"s":{"0":15,"1":4,"2":2,"3":15},"f":{"0":4,"1":2},"b":{},"_coverageSchema":"332fd63041d2c1bcb487cc26dd0d5f7d97098a6c","hash":"d5f6900e8985b9f5e1a56b90ce1de0152c5281f6"}
,"/Users/mackentoch/GitProjects/react-director-admin-template/src/app/components/teamMates/index.js": {"path":"/Users/mackentoch/GitProjects/react-director-admin-template/src/app/components/teamMates/index.js","statementMap":{},"fnMap":{},"branchMap":{},"s":{},"f":{},"b":{},"_coverageSchema":"332fd63041d2c1bcb487cc26dd0d5f7d97098a6c","hash":"ce6b1d46fc50aef8a96c981a495c118bcc656b89"}
,"/Users/mackentoch/GitProjects/react-director-admin-template/src/app/components/teamMates/teamMateAddButton/TeamMateAddButton.js": {"path":"/Users/mackentoch/GitProjects/react-director-admin-template/src/app/components/teamMates/teamMateAddButton/TeamMateAddButton.js","statementMap":{"0":{"start":{"line":7,"column":26},"end":{"line":18,"column":1}},"1":{"start":{"line":10,"column":2},"end":{"line":17,"column":8}},"2":{"start":{"line":20,"column":0},"end":{"line":22,"column":2}}},"fnMap":{"0":{"name":"(anonymous_0)","decl":{"start":{"line":7,"column":26},"end":{"line":7,"column":27}},"loc":{"start":{"line":10,"column":2},"end":{"line":17,"column":8}},"line":10}},"branchMap":{},"s":{"0":16,"1":6,"2":16},"f":{"0":6},"b":{},"_coverageSchema":"332fd63041d2c1bcb487cc26dd0d5f7d97098a6c","hash":"5c2bbbe1a8542088995d63cd3ab5da7ca5dc7c75"}
,"/Users/mackentoch/GitProjects/react-director-admin-template/src/app/components/teamMates/teamMates/TeamMates.js": {"path":"/Users/mackentoch/GitProjects/react-director-admin-template/src/app/components/teamMates/teamMates/TeamMates.js","statementMap":{"0":{"start":{"line":6,"column":18},"end":{"line":12,"column":1}},"1":{"start":{"line":9,"column":2},"end":{"line":11,"column":7}},"2":{"start":{"line":14,"column":0},"end":{"line":16,"column":2}}},"fnMap":{"0":{"name":"(anonymous_0)","decl":{"start":{"line":6,"column":18},"end":{"line":6,"column":19}},"loc":{"start":{"line":9,"column":2},"end":{"line":11,"column":7}},"line":9}},"branchMap":{},"s":{"0":16,"1":5,"2":16},"f":{"0":5},"b":{},"_coverageSchema":"332fd63041d2c1bcb487cc26dd0d5f7d97098a6c","hash":"c868eb9407f0203e24a7d2eb24ba0c7018d52556"}
,"/Users/mackentoch/GitProjects/react-director-admin-template/src/app/components/teamMates/teamMember/TeamMember.js": {"path":"/Users/mackentoch/GitProjects/react-director-admin-template/src/app/components/teamMates/teamMember/TeamMember.js","statementMap":{"0":{"start":{"line":10,"column":15},"end":{"line":15,"column":1}},"1":{"start":{"line":18,"column":15},"end":{"line":18,"column":76}},"2":{"start":{"line":18,"column":47},"end":{"line":18,"column":74}},"3":{"start":{"line":19,"column":2},"end":{"line":19,"column":30}},"4":{"start":{"line":22,"column":19},"end":{"line":47,"column":1}},"5":{"start":{"line":29,"column":23},"end":{"line":29,"column":77}},"6":{"start":{"line":30,"column":2},"end":{"line":46,"column":4}},"7":{"start":{"line":49,"column":0},"end":{"line":55,"column":2}},"8":{"start":{"line":57,"column":0},"end":{"line":62,"column":2}}},"fnMap":{"0":{"name":"getUserPicture","decl":{"start":{"line":17,"column":9},"end":{"line":17,"column":23}},"loc":{"start":{"line":17,"column":44},"end":{"line":20,"column":1}},"line":17},"1":{"name":"(anonymous_1)","decl":{"start":{"line":18,"column":27},"end":{"line":18,"column":28}},"loc":{"start":{"line":18,"column":47},"end":{"line":18,"column":74}},"line":18},"2":{"name":"(anonymous_2)","decl":{"start":{"line":22,"column":19},"end":{"line":22,"column":20}},"loc":{"start":{"line":28,"column":6},"end":{"line":47,"column":1}},"line":28}},"branchMap":{"0":{"loc":{"start":{"line":17,"column":24},"end":{"line":17,"column":42}},"type":"default-arg","locations":[{"start":{"line":17,"column":40},"end":{"line":17,"column":42}}],"line":17},"1":{"loc":{"start":{"line":19,"column":9},"end":{"line":19,"column":29}},"type":"cond-expr","locations":[{"start":{"line":19,"column":16},"end":{"line":19,"column":24}},{"start":{"line":19,"column":27},"end":{"line":19,"column":29}}],"line":19}},"s":{"0":16,"1":3,"2":12,"3":3,"4":16,"5":3,"6":3,"7":16,"8":16},"f":{"0":3,"1":12,"2":3},"b":{"0":[0],"1":[0,3]},"_coverageSchema":"332fd63041d2c1bcb487cc26dd0d5f7d97098a6c","hash":"d99f9eff166be13748f8a10b09d93bceeec6ee9b"}
,"/Users/mackentoch/GitProjects/react-director-admin-template/src/app/components/textInput/TelephoneInput.js": {"path":"/Users/mackentoch/GitProjects/react-director-admin-template/src/app/components/textInput/TelephoneInput.js","statementMap":{"0":{"start":{"line":9,"column":23},"end":{"line":9,"column":56}},"1":{"start":{"line":32,"column":27},"end":{"line":32,"column":37}},"2":{"start":{"line":33,"column":22},"end":{"line":33,"column":31}},"3":{"start":{"line":35,"column":4},"end":{"line":37,"column":5}},"4":{"start":{"line":36,"column":6},"end":{"line":36,"column":41}},"5":{"start":{"line":41,"column":4},"end":{"line":44,"column":5}},"6":{"start":{"line":42,"column":6},"end":{"line":42,"column":31}},"7":{"start":{"line":43,"column":6},"end":{"line":43,"column":24}},"8":{"start":{"line":48,"column":24},"end":{"line":48,"column":34}},"9":{"start":{"line":49,"column":20},"end":{"line":49,"column":30}},"10":{"start":{"line":50,"column":27},"end":{"line":50,"column":37}},"11":{"start":{"line":52,"column":4},"end":{"line":77,"column":6}},"12":{"start":{"line":82,"column":20},"end":{"line":82,"column":46}},"13":{"start":{"line":83,"column":4},"end":{"line":83,"column":38}},"14":{"start":{"line":87,"column":4},"end":{"line":87,"column":27}},"15":{"start":{"line":88,"column":4},"end":{"line":88,"column":52}},"16":{"start":{"line":89,"column":4},"end":{"line":89,"column":51}},"17":{"start":{"line":90,"column":4},"end":{"line":90,"column":52}},"18":{"start":{"line":94,"column":32},"end":{"line":94,"column":42}},"19":{"start":{"line":96,"column":4},"end":{"line":99,"column":5}},"20":{"start":{"line":97,"column":6},"end":{"line":97,"column":31}},"21":{"start":{"line":98,"column":6},"end":{"line":98,"column":24}},"22":{"start":{"line":101,"column":4},"end":{"line":104,"column":6}},"23":{"start":{"line":102,"column":12},"end":{"line":102,"column":27}}},"fnMap":{"0":{"name":"(anonymous_0)","decl":{"start":{"line":31,"column":2},"end":{"line":31,"column":3}},"loc":{"start":{"line":31,"column":39},"end":{"line":38,"column":3}},"line":31},"1":{"name":"(anonymous_1)","decl":{"start":{"line":40,"column":2},"end":{"line":40,"column":3}},"loc":{"start":{"line":40,"column":25},"end":{"line":45,"column":3}},"line":40},"2":{"name":"(anonymous_2)","decl":{"start":{"line":47,"column":2},"end":{"line":47,"column":3}},"loc":{"start":{"line":47,"column":11},"end":{"line":78,"column":3}},"line":47},"3":{"name":"(anonymous_3)","decl":{"start":{"line":80,"column":2},"end":{"line":80,"column":3}},"loc":{"start":{"line":80,"column":31},"end":{"line":84,"column":3}},"line":80},"4":{"name":"(anonymous_4)","decl":{"start":{"line":86,"column":20},"end":{"line":86,"column":21}},"loc":{"start":{"line":86,"column":31},"end":{"line":91,"column":3}},"line":86},"5":{"name":"(anonymous_5)","decl":{"start":{"line":93,"column":2},"end":{"line":93,"column":3}},"loc":{"start":{"line":93,"column":32},"end":{"line":105,"column":3}},"line":93},"6":{"name":"(anonymous_6)","decl":{"start":{"line":102,"column":6},"end":{"line":102,"column":7}},"loc":{"start":{"line":102,"column":12},"end":{"line":102,"column":27}},"line":102}},"branchMap":{"0":{"loc":{"start":{"line":35,"column":4},"end":{"line":37,"column":5}},"type":"if","locations":[{"start":{"line":35,"column":4},"end":{"line":37,"column":5}},{"start":{"line":35,"column":4},"end":{"line":37,"column":5}}],"line":35},"1":{"loc":{"start":{"line":35,"column":8},"end":{"line":35,"column":57}},"type":"binary-expr","locations":[{"start":{"line":35,"column":9},"end":{"line":35,"column":29}},{"start":{"line":35,"column":34},"end":{"line":35,"column":57}}],"line":35},"2":{"loc":{"start":{"line":41,"column":4},"end":{"line":44,"column":5}},"type":"if","locations":[{"start":{"line":41,"column":4},"end":{"line":44,"column":5}},{"start":{"line":41,"column":4},"end":{"line":44,"column":5}}],"line":41},"3":{"loc":{"start":{"line":96,"column":4},"end":{"line":99,"column":5}},"type":"if","locations":[{"start":{"line":96,"column":4},"end":{"line":99,"column":5}},{"start":{"line":96,"column":4},"end":{"line":99,"column":5}}],"line":96}},"s":{"0":1,"1":0,"2":0,"3":0,"4":0,"5":0,"6":0,"7":0,"8":1,"9":1,"10":1,"11":1,"12":0,"13":0,"14":0,"15":0,"16":0,"17":0,"18":0,"19":0,"20":0,"21":0,"22":0,"23":0},"f":{"0":0,"1":0,"2":1,"3":0,"4":0,"5":0,"6":0},"b":{"0":[0,0],"1":[0,0],"2":[0,0],"3":[0,0]},"_coverageSchema":"332fd63041d2c1bcb487cc26dd0d5f7d97098a6c","hash":"ec45a74272e8e94ef96f8cc83e2141a86543e130"}
,"/Users/mackentoch/GitProjects/react-director-admin-template/src/app/components/textInput/TextAreaInput.js": {"path":"/Users/mackentoch/GitProjects/react-director-admin-template/src/app/components/textInput/TextAreaInput.js","statementMap":{"0":{"start":{"line":29,"column":27},"end":{"line":29,"column":37}},"1":{"start":{"line":30,"column":22},"end":{"line":30,"column":31}},"2":{"start":{"line":32,"column":4},"end":{"line":34,"column":5}},"3":{"start":{"line":33,"column":6},"end":{"line":33,"column":41}},"4":{"start":{"line":38,"column":4},"end":{"line":41,"column":5}},"5":{"start":{"line":39,"column":6},"end":{"line":39,"column":31}},"6":{"start":{"line":40,"column":6},"end":{"line":40,"column":24}},"7":{"start":{"line":45,"column":32},"end":{"line":45,"column":42}},"8":{"start":{"line":46,"column":27},"end":{"line":46,"column":37}},"9":{"start":{"line":48,"column":4},"end":{"line":67,"column":6}},"10":{"start":{"line":71,"column":4},"end":{"line":71,"column":27}},"11":{"start":{"line":72,"column":4},"end":{"line":72,"column":52}},"12":{"start":{"line":73,"column":4},"end":{"line":73,"column":52}},"13":{"start":{"line":77,"column":32},"end":{"line":77,"column":42}},"14":{"start":{"line":79,"column":4},"end":{"line":82,"column":5}},"15":{"start":{"line":80,"column":6},"end":{"line":80,"column":31}},"16":{"start":{"line":81,"column":6},"end":{"line":81,"column":24}},"17":{"start":{"line":84,"column":4},"end":{"line":87,"column":6}},"18":{"start":{"line":85,"column":12},"end":{"line":85,"column":27}}},"fnMap":{"0":{"name":"(anonymous_0)","decl":{"start":{"line":28,"column":2},"end":{"line":28,"column":3}},"loc":{"start":{"line":28,"column":39},"end":{"line":35,"column":3}},"line":28},"1":{"name":"(anonymous_1)","decl":{"start":{"line":37,"column":2},"end":{"line":37,"column":3}},"loc":{"start":{"line":37,"column":25},"end":{"line":42,"column":3}},"line":37},"2":{"name":"(anonymous_2)","decl":{"start":{"line":44,"column":2},"end":{"line":44,"column":3}},"loc":{"start":{"line":44,"column":11},"end":{"line":68,"column":3}},"line":44},"3":{"name":"(anonymous_3)","decl":{"start":{"line":70,"column":20},"end":{"line":70,"column":21}},"loc":{"start":{"line":70,"column":36},"end":{"line":74,"column":3}},"line":70},"4":{"name":"(anonymous_4)","decl":{"start":{"line":76,"column":2},"end":{"line":76,"column":3}},"loc":{"start":{"line":76,"column":32},"end":{"line":88,"column":3}},"line":76},"5":{"name":"(anonymous_5)","decl":{"start":{"line":85,"column":6},"end":{"line":85,"column":7}},"loc":{"start":{"line":85,"column":12},"end":{"line":85,"column":27}},"line":85}},"branchMap":{"0":{"loc":{"start":{"line":32,"column":4},"end":{"line":34,"column":5}},"type":"if","locations":[{"start":{"line":32,"column":4},"end":{"line":34,"column":5}},{"start":{"line":32,"column":4},"end":{"line":34,"column":5}}],"line":32},"1":{"loc":{"start":{"line":32,"column":8},"end":{"line":32,"column":57}},"type":"binary-expr","locations":[{"start":{"line":32,"column":9},"end":{"line":32,"column":29}},{"start":{"line":32,"column":34},"end":{"line":32,"column":57}}],"line":32},"2":{"loc":{"start":{"line":38,"column":4},"end":{"line":41,"column":5}},"type":"if","locations":[{"start":{"line":38,"column":4},"end":{"line":41,"column":5}},{"start":{"line":38,"column":4},"end":{"line":41,"column":5}}],"line":38},"3":{"loc":{"start":{"line":79,"column":4},"end":{"line":82,"column":5}},"type":"if","locations":[{"start":{"line":79,"column":4},"end":{"line":82,"column":5}},{"start":{"line":79,"column":4},"end":{"line":82,"column":5}}],"line":79}},"s":{"0":0,"1":0,"2":0,"3":0,"4":0,"5":0,"6":0,"7":1,"8":1,"9":1,"10":0,"11":0,"12":0,"13":0,"14":0,"15":0,"16":0,"17":0,"18":0},"f":{"0":0,"1":0,"2":1,"3":0,"4":0,"5":0},"b":{"0":[0,0],"1":[0,0],"2":[0,0],"3":[0,0]},"_coverageSchema":"332fd63041d2c1bcb487cc26dd0d5f7d97098a6c","hash":"ce6a1a2840dd4f2f604e3cf8741befedcd103e45"}
,"/Users/mackentoch/GitProjects/react-director-admin-template/src/app/components/textInput/TextInput.js": {"path":"/Users/mackentoch/GitProjects/react-director-admin-template/src/app/components/textInput/TextInput.js","statementMap":{"0":{"start":{"line":26,"column":27},"end":{"line":26,"column":37}},"1":{"start":{"line":27,"column":22},"end":{"line":27,"column":31}},"2":{"start":{"line":29,"column":4},"end":{"line":31,"column":5}},"3":{"start":{"line":30,"column":6},"end":{"line":30,"column":41}},"4":{"start":{"line":35,"column":4},"end":{"line":38,"column":5}},"5":{"start":{"line":36,"column":6},"end":{"line":36,"column":31}},"6":{"start":{"line":37,"column":6},"end":{"line":37,"column":24}},"7":{"start":{"line":42,"column":24},"end":{"line":42,"column":34}},"8":{"start":{"line":43,"column":27},"end":{"line":43,"column":37}},"9":{"start":{"line":45,"column":4},"end":{"line":64,"column":6}},"10":{"start":{"line":68,"column":4},"end":{"line":68,"column":27}},"11":{"start":{"line":69,"column":4},"end":{"line":69,"column":52}},"12":{"start":{"line":70,"column":4},"end":{"line":70,"column":52}},"13":{"start":{"line":74,"column":32},"end":{"line":74,"column":42}},"14":{"start":{"line":76,"column":4},"end":{"line":79,"column":5}},"15":{"start":{"line":77,"column":6},"end":{"line":77,"column":31}},"16":{"start":{"line":78,"column":6},"end":{"line":78,"column":24}},"17":{"start":{"line":81,"column":4},"end":{"line":84,"column":6}},"18":{"start":{"line":82,"column":12},"end":{"line":82,"column":27}}},"fnMap":{"0":{"name":"(anonymous_0)","decl":{"start":{"line":25,"column":2},"end":{"line":25,"column":3}},"loc":{"start":{"line":25,"column":39},"end":{"line":32,"column":3}},"line":25},"1":{"name":"(anonymous_1)","decl":{"start":{"line":34,"column":2},"end":{"line":34,"column":3}},"loc":{"start":{"line":34,"column":25},"end":{"line":39,"column":3}},"line":34},"2":{"name":"(anonymous_2)","decl":{"start":{"line":41,"column":2},"end":{"line":41,"column":3}},"loc":{"start":{"line":41,"column":11},"end":{"line":65,"column":3}},"line":41},"3":{"name":"(anonymous_3)","decl":{"start":{"line":67,"column":20},"end":{"line":67,"column":21}},"loc":{"start":{"line":67,"column":31},"end":{"line":71,"column":3}},"line":67},"4":{"name":"(anonymous_4)","decl":{"start":{"line":73,"column":2},"end":{"line":73,"column":3}},"loc":{"start":{"line":73,"column":32},"end":{"line":85,"column":3}},"line":73},"5":{"name":"(anonymous_5)","decl":{"start":{"line":82,"column":6},"end":{"line":82,"column":7}},"loc":{"start":{"line":82,"column":12},"end":{"line":82,"column":27}},"line":82}},"branchMap":{"0":{"loc":{"start":{"line":29,"column":4},"end":{"line":31,"column":5}},"type":"if","locations":[{"start":{"line":29,"column":4},"end":{"line":31,"column":5}},{"start":{"line":29,"column":4},"end":{"line":31,"column":5}}],"line":29},"1":{"loc":{"start":{"line":29,"column":8},"end":{"line":29,"column":57}},"type":"binary-expr","locations":[{"start":{"line":29,"column":9},"end":{"line":29,"column":29}},{"start":{"line":29,"column":34},"end":{"line":29,"column":57}}],"line":29},"2":{"loc":{"start":{"line":35,"column":4},"end":{"line":38,"column":5}},"type":"if","locations":[{"start":{"line":35,"column":4},"end":{"line":38,"column":5}},{"start":{"line":35,"column":4},"end":{"line":38,"column":5}}],"line":35},"3":{"loc":{"start":{"line":76,"column":4},"end":{"line":79,"column":5}},"type":"if","locations":[{"start":{"line":76,"column":4},"end":{"line":79,"column":5}},{"start":{"line":76,"column":4},"end":{"line":79,"column":5}}],"line":76}},"s":{"0":0,"1":0,"2":0,"3":0,"4":0,"5":0,"6":0,"7":1,"8":1,"9":1,"10":0,"11":0,"12":0,"13":0,"14":0,"15":0,"16":0,"17":0,"18":0},"f":{"0":0,"1":0,"2":1,"3":0,"4":0,"5":0},"b":{"0":[0,0],"1":[0,0],"2":[0,0],"3":[0,0]},"_coverageSchema":"332fd63041d2c1bcb487cc26dd0d5f7d97098a6c","hash":"ed5a6b15b99835cb805c71a57d74c3143d25e527"}
,"/Users/mackentoch/GitProjects/react-director-admin-template/src/app/components/todoList/TodoListDemo.js": {"path":"/Users/mackentoch/GitProjects/react-director-admin-template/src/app/components/todoList/TodoListDemo.js","statementMap":{"0":{"start":{"line":11,"column":21},"end":{"line":65,"column":1}},"1":{"start":{"line":12,"column":2},"end":{"line":64,"column":10}}},"fnMap":{"0":{"name":"(anonymous_0)","decl":{"start":{"line":11,"column":21},"end":{"line":11,"column":22}},"loc":{"start":{"line":12,"column":2},"end":{"line":64,"column":10}},"line":12}},"branchMap":{},"s":{"0":15,"1":4},"f":{"0":4},"b":{},"_coverageSchema":"332fd63041d2c1bcb487cc26dd0d5f7d97098a6c","hash":"1ebeca8a878c7a4139cd2bc9f1ca107b79159cc9"}
,"/Users/mackentoch/GitProjects/react-director-admin-template/src/app/components/todoList/index.js": {"path":"/Users/mackentoch/GitProjects/react-director-admin-template/src/app/components/todoList/index.js","statementMap":{},"fnMap":{},"branchMap":{},"s":{},"f":{},"b":{},"_coverageSchema":"332fd63041d2c1bcb487cc26dd0d5f7d97098a6c","hash":"19a2b392bce8358aad57661cbe3f2eab1642d595"}
,"/Users/mackentoch/GitProjects/react-director-admin-template/src/app/components/todoList/todoList/TodoList.js": {"path":"/Users/mackentoch/GitProjects/react-director-admin-template/src/app/components/todoList/todoList/TodoList.js","statementMap":{"0":{"start":{"line":5,"column":17},"end":{"line":13,"column":1}},"1":{"start":{"line":8,"column":2},"end":{"line":12,"column":8}},"2":{"start":{"line":15,"column":0},"end":{"line":17,"column":2}}},"fnMap":{"0":{"name":"(anonymous_0)","decl":{"start":{"line":5,"column":17},"end":{"line":5,"column":18}},"loc":{"start":{"line":8,"column":2},"end":{"line":12,"column":8}},"line":8}},"branchMap":{},"s":{"0":16,"1":5,"2":16},"f":{"0":5},"b":{},"_coverageSchema":"332fd63041d2c1bcb487cc26dd0d5f7d97098a6c","hash":"d5b690d7d7fdce7ba1dc9889201bf3a14c1d61ec"}
,"/Users/mackentoch/GitProjects/react-director-admin-template/src/app/components/todoList/todoListCommands/TodoListAddTask.js": {"path":"/Users/mackentoch/GitProjects/react-director-admin-template/src/app/components/todoList/todoListCommands/TodoListAddTask.js","statementMap":{"0":{"start":{"line":5,"column":24},"end":{"line":11,"column":1}},"1":{"start":{"line":6,"column":2},"end":{"line":10,"column":6}}},"fnMap":{"0":{"name":"(anonymous_0)","decl":{"start":{"line":5,"column":24},"end":{"line":5,"column":25}},"loc":{"start":{"line":6,"column":2},"end":{"line":10,"column":6}},"line":6}},"branchMap":{},"s":{"0":16,"1":5},"f":{"0":5},"b":{},"_coverageSchema":"332fd63041d2c1bcb487cc26dd0d5f7d97098a6c","hash":"7721530e278aea00a82325e061594b82014f0936"}
,"/Users/mackentoch/GitProjects/react-director-admin-template/src/app/components/todoList/todoListCommands/TodoListCommands.js": {"path":"/Users/mackentoch/GitProjects/react-director-admin-template/src/app/components/todoList/todoListCommands/TodoListCommands.js","statementMap":{"0":{"start":{"line":6,"column":25},"end":{"line":12,"column":1}},"1":{"start":{"line":9,"column":2},"end":{"line":11,"column":8}},"2":{"start":{"line":14,"column":0},"end":{"line":16,"column":2}}},"fnMap":{"0":{"name":"(anonymous_0)","decl":{"start":{"line":6,"column":25},"end":{"line":6,"column":26}},"loc":{"start":{"line":9,"column":2},"end":{"line":11,"column":8}},"line":9}},"branchMap":{},"s":{"0":16,"1":5,"2":16},"f":{"0":5},"b":{},"_coverageSchema":"332fd63041d2c1bcb487cc26dd0d5f7d97098a6c","hash":"247e46bfe74109e38c6d24e762c9aac7d0b6290e"}
,"/Users/mackentoch/GitProjects/react-director-admin-template/src/app/components/todoList/todoListCommands/TodoListSeeAllTask.js": {"path":"/Users/mackentoch/GitProjects/react-director-admin-template/src/app/components/todoList/todoListCommands/TodoListSeeAllTask.js","statementMap":{"0":{"start":{"line":5,"column":27},"end":{"line":11,"column":1}},"1":{"start":{"line":6,"column":2},"end":{"line":10,"column":6}}},"fnMap":{"0":{"name":"(anonymous_0)","decl":{"start":{"line":5,"column":27},"end":{"line":5,"column":28}},"loc":{"start":{"line":6,"column":2},"end":{"line":10,"column":6}},"line":6}},"branchMap":{},"s":{"0":16,"1":5},"f":{"0":5},"b":{},"_coverageSchema":"332fd63041d2c1bcb487cc26dd0d5f7d97098a6c","hash":"b623f6c436191449071f243575f87736a859eaa3"}
,"/Users/mackentoch/GitProjects/react-director-admin-template/src/app/components/todoList/todoListItem/TodoListItem.js": {"path":"/Users/mackentoch/GitProjects/react-director-admin-template/src/app/components/todoList/todoListItem/TodoListItem.js","statementMap":{"0":{"start":{"line":35,"column":21},"end":{"line":35,"column":31}},"1":{"start":{"line":36,"column":4},"end":{"line":36,"column":30}},"2":{"start":{"line":40,"column":21},"end":{"line":40,"column":31}},"3":{"start":{"line":41,"column":4},"end":{"line":43,"column":5}},"4":{"start":{"line":42,"column":6},"end":{"line":42,"column":42}},"5":{"start":{"line":47,"column":53},"end":{"line":47,"column":63}},"6":{"start":{"line":48,"column":37},"end":{"line":48,"column":47}},"7":{"start":{"line":50,"column":4},"end":{"line":81,"column":6}},"8":{"start":{"line":85,"column":4},"end":{"line":87,"column":5}},"9":{"start":{"line":86,"column":6},"end":{"line":86,"column":49}},"10":{"start":{"line":91,"column":4},"end":{"line":91,"column":38}},"11":{"start":{"line":95,"column":4},"end":{"line":95,"column":39}},"12":{"start":{"line":99,"column":32},"end":{"line":99,"column":42}},"13":{"start":{"line":100,"column":26},"end":{"line":100,"column":36}},"14":{"start":{"line":102,"column":4},"end":{"line":102,"column":31}},"15":{"start":{"line":103,"column":4},"end":{"line":103,"column":39}}},"fnMap":{"0":{"name":"(anonymous_0)","decl":{"start":{"line":34,"column":2},"end":{"line":34,"column":3}},"loc":{"start":{"line":34,"column":22},"end":{"line":37,"column":3}},"line":34},"1":{"name":"(anonymous_1)","decl":{"start":{"line":39,"column":2},"end":{"line":39,"column":3}},"loc":{"start":{"line":39,"column":39},"end":{"line":44,"column":3}},"line":39},"2":{"name":"(anonymous_2)","decl":{"start":{"line":46,"column":2},"end":{"line":46,"column":3}},"loc":{"start":{"line":46,"column":11},"end":{"line":82,"column":3}},"line":46},"3":{"name":"(anonymous_3)","decl":{"start":{"line":84,"column":19},"end":{"line":84,"column":20}},"loc":{"start":{"line":84,"column":37},"end":{"line":88,"column":3}},"line":84},"4":{"name":"(anonymous_4)","decl":{"start":{"line":90,"column":22},"end":{"line":90,"column":23}},"loc":{"start":{"line":90,"column":28},"end":{"line":92,"column":3}},"line":90},"5":{"name":"(anonymous_5)","decl":{"start":{"line":94,"column":28},"end":{"line":94,"column":29}},"loc":{"start":{"line":94,"column":34},"end":{"line":96,"column":3}},"line":94},"6":{"name":"(anonymous_6)","decl":{"start":{"line":98,"column":27},"end":{"line":98,"column":28}},"loc":{"start":{"line":98,"column":33},"end":{"line":104,"column":3}},"line":98}},"branchMap":{"0":{"loc":{"start":{"line":41,"column":4},"end":{"line":43,"column":5}},"type":"if","locations":[{"start":{"line":41,"column":4},"end":{"line":43,"column":5}},{"start":{"line":41,"column":4},"end":{"line":43,"column":5}}],"line":41},"1":{"loc":{"start":{"line":71,"column":14},"end":{"line":76,"column":75}},"type":"cond-expr","locations":[{"start":{"line":72,"column":16},"end":{"line":75,"column":22}},{"start":{"line":76,"column":16},"end":{"line":76,"column":75}}],"line":71},"2":{"loc":{"start":{"line":85,"column":4},"end":{"line":87,"column":5}},"type":"if","locations":[{"start":{"line":85,"column":4},"end":{"line":87,"column":5}},{"start":{"line":85,"column":4},"end":{"line":87,"column":5}}],"line":85}},"s":{"0":29,"1":29,"2":0,"3":0,"4":0,"5":29,"6":29,"7":29,"8":29,"9":0,"10":0,"11":0,"12":0,"13":0,"14":0,"15":0},"f":{"0":29,"1":0,"2":29,"3":29,"4":0,"5":0,"6":0},"b":{"0":[0,0],"1":[0,29],"2":[0,29]},"_coverageSchema":"332fd63041d2c1bcb487cc26dd0d5f7d97098a6c","hash":"401ae1ff9f0e055dfa3368cc616fde887a385319"}
[...]
,"/Users/mackentoch/GitProjects/react-director-admin-template/src/app/views/general/General.js": {"path":"/Users/mackentoch/GitProjects/react-director-admin-template/src/app/views/general/General.js","statementMap":{"0":{"start":{"line":35,"column":4},"end":{"line":35,"column":38}},"1":{"start":{"line":39,"column":4},"end":{"line":39,"column":38}},"2":{"start":{"line":43,"column":4},"end":{"line":673,"column":6}},"3":{"start":{"line":558,"column":34},"end":{"line":558,"column":82}},"4":{"start":{"line":563,"column":34},"end":{"line":563,"column":82}},"5":{"start":{"line":568,"column":34},"end":{"line":568,"column":82}},"6":{"start":{"line":573,"column":34},"end":{"line":573,"column":82}},"7":{"start":{"line":578,"column":34},"end":{"line":578,"column":82}},"8":{"start":{"line":583,"column":34},"end":{"line":583,"column":82}}},"fnMap":{"0":{"name":"(anonymous_0)","decl":{"start":{"line":34,"column":2},"end":{"line":34,"column":3}},"loc":{"start":{"line":34,"column":23},"end":{"line":36,"column":3}},"line":34},"1":{"name":"(anonymous_1)","decl":{"start":{"line":38,"column":2},"end":{"line":38,"column":3}},"loc":{"start":{"line":38,"column":25},"end":{"line":40,"column":3}},"line":38},"2":{"name":"(anonymous_2)","decl":{"start":{"line":42,"column":2},"end":{"line":42,"column":3}},"loc":{"start":{"line":42,"column":11},"end":{"line":674,"column":3}},"line":42},"3":{"name":"(anonymous_3)","decl":{"start":{"line":558,"column":28},"end":{"line":558,"column":29}},"loc":{"start":{"line":558,"column":34},"end":{"line":558,"column":82}},"line":558},"4":{"name":"(anonymous_4)","decl":{"start":{"line":563,"column":28},"end":{"line":563,"column":29}},"loc":{"start":{"line":563,"column":34},"end":{"line":563,"column":82}},"line":563},"5":{"name":"(anonymous_5)","decl":{"start":{"line":568,"column":28},"end":{"line":568,"column":29}},"loc":{"start":{"line":568,"column":34},"end":{"line":568,"column":82}},"line":568},"6":{"name":"(anonymous_6)","decl":{"start":{"line":573,"column":28},"end":{"line":573,"column":29}},"loc":{"start":{"line":573,"column":34},"end":{"line":573,"column":82}},"line":573},"7":{"name":"(anonymous_7)","decl":{"start":{"line":578,"column":28},"end":{"line":578,"column":29}},"loc":{"start":{"line":578,"column":34},"end":{"line":578,"column":82}},"line":578},"8":{"name":"(anonymous_8)","decl":{"start":{"line":583,"column":28},"end":{"line":583,"column":29}},"loc":{"start":{"line":583,"column":34},"end":{"line":583,"column":82}},"line":583}},"branchMap":{},"s":{"0":3,"1":1,"2":3,"3":0,"4":0,"5":0,"6":0,"7":0,"8":0},"f":{"0":3,"1":1,"2":3,"3":0,"4":0,"5":0,"6":0,"7":0,"8":0},"b":{},"_coverageSchema":"332fd63041d2c1bcb487cc26dd0d5f7d97098a6c","hash":"ee38e2053476c808e302698599df823bc37041de"}
,"/Users/mackentoch/GitProjects/react-director-admin-template/src/app/views/home/Home.js": {"path":"/Users/mackentoch/GitProjects/react-director-admin-template/src/app/views/home/Home.js","statementMap":{"0":{"start":{"line":41,"column":39},"end":{"line":41,"column":49}},"1":{"start":{"line":42,"column":4},"end":{"line":42,"column":16}},"2":{"start":{"line":51,"column":8},"end":{"line":51,"column":18}},"3":{"start":{"line":53,"column":4},"end":{"line":53,"column":36}},"4":{"start":{"line":54,"column":4},"end":{"line":54,"column":33}},"5":{"start":{"line":58,"column":39},"end":{"line":58,"column":49}},"6":{"start":{"line":59,"column":4},"end":{"line":59,"column":16}},"7":{"start":{"line":68,"column":8},"end":{"line":68,"column":18}},"8":{"start":{"line":70,"column":4},"end":{"line":143,"column":6}}},"fnMap":{"0":{"name":"(anonymous_0)","decl":{"start":{"line":40,"column":2},"end":{"line":40,"column":3}},"loc":{"start":{"line":40,"column":23},"end":{"line":43,"column":3}},"line":40},"1":{"name":"(anonymous_1)","decl":{"start":{"line":45,"column":2},"end":{"line":45,"column":3}},"loc":{"start":{"line":45,"column":22},"end":{"line":55,"column":3}},"line":45},"2":{"name":"(anonymous_2)","decl":{"start":{"line":57,"column":2},"end":{"line":57,"column":3}},"loc":{"start":{"line":57,"column":25},"end":{"line":60,"column":3}},"line":57},"3":{"name":"(anonymous_3)","decl":{"start":{"line":62,"column":2},"end":{"line":62,"column":3}},"loc":{"start":{"line":62,"column":11},"end":{"line":144,"column":3}},"line":62}},"branchMap":{},"s":{"0":3,"1":3,"2":3,"3":3,"4":3,"5":1,"6":1,"7":3,"8":3},"f":{"0":3,"1":3,"2":1,"3":3},"b":{},"_coverageSchema":"332fd63041d2c1bcb487cc26dd0d5f7d97098a6c","hash":"fbf7bd483f48b5a7b3c219b9f84d4eb30e3e37a1"}
,"/Users/mackentoch/GitProjects/react-director-admin-template/src/app/views/login/Login.js": {"path":"/Users/mackentoch/GitProjects/react-director-admin-template/src/app/views/login/Login.js","statementMap":{"0":{"start":{"line":79,"column":8},"end":{"line":79,"column":18}},"1":{"start":{"line":81,"column":4},"end":{"line":81,"column":21}},"2":{"start":{"line":82,"column":4},"end":{"line":82,"column":17}},"3":{"start":{"line":86,"column":27},"end":{"line":86,"column":37}},"4":{"start":{"line":87,"column":4},"end":{"line":87,"column":17}},"5":{"start":{"line":94,"column":8},"end":{"line":94,"column":18}},"6":{"start":{"line":98,"column":8},"end":{"line":98,"column":18}},"7":{"start":{"line":100,"column":4},"end":{"line":211,"column":6}},"8":{"start":{"line":219,"column":4},"end":{"line":223,"column":5}},"9":{"start":{"line":220,"column":6},"end":{"line":220,"column":29}},"10":{"start":{"line":222,"column":6},"end":{"line":222,"column":58}},"11":{"start":{"line":229,"column":4},"end":{"line":233,"column":5}},"12":{"start":{"line":230,"column":6},"end":{"line":230,"column":29}},"13":{"start":{"line":232,"column":6},"end":{"line":232,"column":61}},"14":{"start":{"line":242,"column":4},"end":{"line":244,"column":5}},"15":{"start":{"line":243,"column":6},"end":{"line":243,"column":29}},"16":{"start":{"line":249,"column":8},"end":{"line":249,"column":18}},"17":{"start":{"line":254,"column":8},"end":{"line":254,"column":18}},"18":{"start":{"line":256,"column":4},"end":{"line":283,"column":5}},"19":{"start":{"line":257,"column":23},"end":{"line":257,"column":61}},"20":{"start":{"line":258,"column":6},"end":{"line":258,"column":42}},"21":{"start":{"line":259,"column":23},"end":{"line":259,"column":39}},"22":{"start":{"line":260,"column":24},"end":{"line":260,"column":28}},"23":{"start":{"line":267,"column":10},"end":{"line":267,"column":14}},"24":{"start":{"line":268,"column":19},"end":{"line":274,"column":7}},"25":{"start":{"line":275,"column":6},"end":{"line":275,"column":27}},"26":{"start":{"line":276,"column":6},"end":{"line":276,"column":29}},"27":{"start":{"line":278,"column":6},"end":{"line":278,"column":38}},"28":{"start":{"line":281,"column":6},"end":{"line":281,"column":57}},"29":{"start":{"line":291,"column":4},"end":{"line":293,"column":5}},"30":{"start":{"line":292,"column":6},"end":{"line":292,"column":29}},"31":{"start":{"line":297,"column":8},"end":{"line":297,"column":18}},"32":{"start":{"line":299,"column":4},"end":{"line":299,"column":36}}},"fnMap":{"0":{"name":"(anonymous_0)","decl":{"start":{"line":75,"column":2},"end":{"line":75,"column":3}},"loc":{"start":{"line":75,"column":22},"end":{"line":83,"column":3}},"line":75},"1":{"name":"(anonymous_1)","decl":{"start":{"line":85,"column":2},"end":{"line":85,"column":3}},"loc":{"start":{"line":85,"column":25},"end":{"line":88,"column":3}},"line":85},"2":{"name":"(anonymous_2)","decl":{"start":{"line":90,"column":2},"end":{"line":90,"column":3}},"loc":{"start":{"line":90,"column":11},"end":{"line":212,"column":3}},"line":90},"3":{"name":"(anonymous_3)","decl":{"start":{"line":216,"column":25},"end":{"line":216,"column":26}},"loc":{"start":{"line":218,"column":7},"end":{"line":224,"column":3}},"line":218},"4":{"name":"(anonymous_4)","decl":{"start":{"line":226,"column":28},"end":{"line":226,"column":29}},"loc":{"start":{"line":228,"column":7},"end":{"line":234,"column":3}},"line":228},"5":{"name":"(anonymous_5)","decl":{"start":{"line":239,"column":19},"end":{"line":239,"column":20}},"loc":{"start":{"line":241,"column":7},"end":{"line":284,"column":3}},"line":241},"6":{"name":"(anonymous_6)","decl":{"start":{"line":288,"column":11},"end":{"line":288,"column":12}},"loc":{"start":{"line":290,"column":7},"end":{"line":300,"column":3}},"line":290}},"branchMap":{"0":{"loc":{"start":{"line":170,"column":24},"end":{"line":182,"column":33}},"type":"cond-expr","locations":[{"start":{"line":172,"column":26},"end":{"line":178,"column":33}},{"start":{"line":180,"column":26},"end":{"line":182,"column":33}}],"line":170},"1":{"loc":{"start":{"line":219,"column":4},"end":{"line":223,"column":5}},"type":"if","locations":[{"start":{"line":219,"column":4},"end":{"line":223,"column":5}},{"start":{"line":219,"column":4},"end":{"line":223,"column":5}}],"line":219},"2":{"loc":{"start":{"line":229,"column":4},"end":{"line":233,"column":5}},"type":"if","locations":[{"start":{"line":229,"column":4},"end":{"line":233,"column":5}},{"start":{"line":229,"column":4},"end":{"line":233,"column":5}}],"line":229},"3":{"loc":{"start":{"line":242,"column":4},"end":{"line":244,"column":5}},"type":"if","locations":[{"start":{"line":242,"column":4},"end":{"line":244,"column":5}},{"start":{"line":242,"column":4},"end":{"line":244,"column":5}}],"line":242},"4":{"loc":{"start":{"line":291,"column":4},"end":{"line":293,"column":5}},"type":"if","locations":[{"start":{"line":291,"column":4},"end":{"line":293,"column":5}},{"start":{"line":291,"column":4},"end":{"line":293,"column":5}}],"line":291}},"s":{"0":3,"1":3,"2":0,"3":3,"4":3,"5":3,"6":3,"7":3,"8":0,"9":0,"10":0,"11":0,"12":0,"13":0,"14":0,"15":0,"16":0,"17":0,"18":0,"19":0,"20":0,"21":0,"22":0,"23":0,"24":0,"25":0,"26":0,"27":0,"28":0,"29":0,"30":0,"31":0,"32":0},"f":{"0":3,"1":3,"2":3,"3":0,"4":0,"5":0,"6":0},"b":{"0":[0,3],"1":[0,0],"2":[0,0],"3":[0,0],"4":[0,0]},"_coverageSchema":"332fd63041d2c1bcb487cc26dd0d5f7d97098a6c","hash":"5e25d48e57e4dcb5275c7a99697eddd4f5b6f545"}
,"/Users/mackentoch/GitProjects/react-director-admin-template/src/app/views/notifications/Notifications.js": {"path":"/Users/mackentoch/GitProjects/react-director-admin-template/src/app/views/notifications/Notifications.js","statementMap":{"0":{"start":{"line":25,"column":48},"end":{"line":25,"column":58}},"1":{"start":{"line":26,"column":4},"end":{"line":26,"column":25}},"2":{"start":{"line":30,"column":48},"end":{"line":30,"column":58}},"3":{"start":{"line":31,"column":4},"end":{"line":31,"column":25}},"4":{"start":{"line":35,"column":19},"end":{"line":91,"column":7}},"5":{"start":{"line":93,"column":4},"end":{"line":171,"column":6}}},"fnMap":{"0":{"name":"(anonymous_0)","decl":{"start":{"line":24,"column":2},"end":{"line":24,"column":3}},"loc":{"start":{"line":24,"column":23},"end":{"line":27,"column":3}},"line":24},"1":{"name":"(anonymous_1)","decl":{"start":{"line":29,"column":2},"end":{"line":29,"column":3}},"loc":{"start":{"line":29,"column":25},"end":{"line":32,"column":3}},"line":29},"2":{"name":"(anonymous_2)","decl":{"start":{"line":34,"column":2},"end":{"line":34,"column":3}},"loc":{"start":{"line":34,"column":11},"end":{"line":172,"column":3}},"line":34}},"branchMap":{},"s":{"0":3,"1":3,"2":1,"3":1,"4":3,"5":3},"f":{"0":3,"1":1,"2":3},"b":{},"_coverageSchema":"332fd63041d2c1bcb487cc26dd0d5f7d97098a6c","hash":"27981a5ad1a83bf046db0a89875a4f8792fa46fc"}
,"/Users/mackentoch/GitProjects/react-director-admin-template/src/app/views/pageNotFound/PageNotFound.js": {"path":"/Users/mackentoch/GitProjects/react-director-admin-template/src/app/views/pageNotFound/PageNotFound.js","statementMap":{"0":{"start":{"line":23,"column":9},"end":{"line":23,"column":19}},"1":{"start":{"line":24,"column":4},"end":{"line":24,"column":24}},"2":{"start":{"line":32,"column":8},"end":{"line":32,"column":18}},"3":{"start":{"line":33,"column":4},"end":{"line":33,"column":24}},"4":{"start":{"line":37,"column":4},"end":{"line":52,"column":6}}},"fnMap":{"0":{"name":"(anonymous_0)","decl":{"start":{"line":18,"column":2},"end":{"line":18,"column":3}},"loc":{"start":{"line":18,"column":22},"end":{"line":25,"column":3}},"line":18},"1":{"name":"(anonymous_1)","decl":{"start":{"line":27,"column":2},"end":{"line":27,"column":3}},"loc":{"start":{"line":27,"column":25},"end":{"line":34,"column":3}},"line":27},"2":{"name":"(anonymous_2)","decl":{"start":{"line":36,"column":2},"end":{"line":36,"column":3}},"loc":{"start":{"line":36,"column":11},"end":{"line":53,"column":3}},"line":36}},"branchMap":{},"s":{"0":3,"1":3,"2":1,"3":1,"4":3},"f":{"0":3,"1":1,"2":3},"b":{},"_coverageSchema":"332fd63041d2c1bcb487cc26dd0d5f7d97098a6c","hash":"7991ef10abb45805f92c53f67be9f34a69e36dc5"}
,"/Users/mackentoch/GitProjects/react-director-admin-template/src/app/views/pagination/Pagination.js": {"path":"/Users/mackentoch/GitProjects/react-director-admin-template/src/app/views/pagination/Pagination.js","statementMap":{"0":{"start":{"line":25,"column":45},"end":{"line":25,"column":55}},"1":{"start":{"line":26,"column":4},"end":{"line":26,"column":22}},"2":{"start":{"line":30,"column":45},"end":{"line":30,"column":55}},"3":{"start":{"line":31,"column":4},"end":{"line":31,"column":22}},"4":{"start":{"line":35,"column":19},"end":{"line":84,"column":7}},"5":{"start":{"line":86,"column":4},"end":{"line":161,"column":6}}},"fnMap":{"0":{"name":"(anonymous_0)","decl":{"start":{"line":24,"column":2},"end":{"line":24,"column":3}},"loc":{"start":{"line":24,"column":23},"end":{"line":27,"column":3}},"line":24},"1":{"name":"(anonymous_1)","decl":{"start":{"line":29,"column":2},"end":{"line":29,"column":3}},"loc":{"start":{"line":29,"column":25},"end":{"line":32,"column":3}},"line":29},"2":{"name":"(anonymous_2)","decl":{"start":{"line":34,"column":2},"end":{"line":34,"column":3}},"loc":{"start":{"line":34,"column":11},"end":{"line":162,"column":3}},"line":34}},"branchMap":{},"s":{"0":3,"1":3,"2":1,"3":1,"4":3,"5":3},"f":{"0":3,"1":1,"2":3},"b":{},"_coverageSchema":"332fd63041d2c1bcb487cc26dd0d5f7d97098a6c","hash":"feddd95fe5676ffd6a42aef4764c3298ec3b395f"}
,"/Users/mackentoch/GitProjects/react-director-admin-template/src/app/views/simpleTables/SimpleTables.js": {"path":"/Users/mackentoch/GitProjects/react-director-admin-template/src/app/views/simpleTables/SimpleTables.js","statementMap":{"0":{"start":{"line":11,"column":48},"end":{"line":11,"column":58}},"1":{"start":{"line":12,"column":4},"end":{"line":12,"column":24}},"2":{"start":{"line":16,"column":48},"end":{"line":16,"column":58}},"3":{"start":{"line":17,"column":4},"end":{"line":17,"column":24}},"4":{"start":{"line":21,"column":4},"end":{"line":399,"column":6}},"5":{"start":{"line":403,"column":0},"end":{"line":408,"column":2}}},"fnMap":{"0":{"name":"(anonymous_0)","decl":{"start":{"line":10,"column":2},"end":{"line":10,"column":3}},"loc":{"start":{"line":10,"column":23},"end":{"line":13,"column":3}},"line":10},"1":{"name":"(anonymous_1)","decl":{"start":{"line":15,"column":2},"end":{"line":15,"column":3}},"loc":{"start":{"line":15,"column":25},"end":{"line":18,"column":3}},"line":15},"2":{"name":"(anonymous_2)","decl":{"start":{"line":20,"column":2},"end":{"line":20,"column":3}},"loc":{"start":{"line":20,"column":11},"end":{"line":400,"column":3}},"line":20}},"branchMap":{},"s":{"0":3,"1":3,"2":1,"3":1,"4":3,"5":1},"f":{"0":3,"1":1,"2":3},"b":{},"_coverageSchema":"332fd63041d2c1bcb487cc26dd0d5f7d97098a6c","hash":"b6417b28a94255f4ab90be5e7c39c772ea08c9e5"}
,"/Users/mackentoch/GitProjects/react-director-admin-template/src/app/views/stat/Stat.js": {"path":"/Users/mackentoch/GitProjects/react-director-admin-template/src/app/views/stat/Stat.js","statementMap":{"0":{"start":{"line":17,"column":39},"end":{"line":17,"column":49}},"1":{"start":{"line":18,"column":4},"end":{"line":18,"column":16}},"2":{"start":{"line":22,"column":39},"end":{"line":22,"column":49}},"3":{"start":{"line":23,"column":4},"end":{"line":23,"column":16}},"4":{"start":{"line":27,"column":19},"end":{"line":77,"column":7}},"5":{"start":{"line":79,"column":4},"end":{"line":151,"column":6}},"6":{"start":{"line":155,"column":0},"end":{"line":160,"column":2}}},"fnMap":{"0":{"name":"(anonymous_0)","decl":{"start":{"line":16,"column":2},"end":{"line":16,"column":3}},"loc":{"start":{"line":16,"column":23},"end":{"line":19,"column":3}},"line":16},"1":{"name":"(anonymous_1)","decl":{"start":{"line":21,"column":2},"end":{"line":21,"column":3}},"loc":{"start":{"line":21,"column":25},"end":{"line":24,"column":3}},"line":21},"2":{"name":"(anonymous_2)","decl":{"start":{"line":26,"column":2},"end":{"line":26,"column":3}},"loc":{"start":{"line":26,"column":11},"end":{"line":152,"column":3}},"line":26}},"branchMap":{},"s":{"0":3,"1":3,"2":1,"3":1,"4":3,"5":3,"6":1},"f":{"0":3,"1":1,"2":3},"b":{},"_coverageSchema":"332fd63041d2c1bcb487cc26dd0d5f7d97098a6c","hash":"88d831a34987bf7bc889512444f005f54adcc636"}
,"/Users/mackentoch/GitProjects/react-director-admin-template/src/app/views/statsCard/statsCard.js": {"path":"/Users/mackentoch/GitProjects/react-director-admin-template/src/app/views/statsCard/statsCard.js","statementMap":{"0":{"start":{"line":17,"column":44},"end":{"line":17,"column":54}},"1":{"start":{"line":18,"column":4},"end":{"line":18,"column":21}},"2":{"start":{"line":22,"column":44},"end":{"line":22,"column":54}},"3":{"start":{"line":23,"column":4},"end":{"line":23,"column":21}},"4":{"start":{"line":27,"column":19},"end":{"line":63,"column":13}},"5":{"start":{"line":65,"column":4},"end":{"line":124,"column":6}},"6":{"start":{"line":128,"column":0},"end":{"line":133,"column":2}}},"fnMap":{"0":{"name":"(anonymous_0)","decl":{"start":{"line":16,"column":2},"end":{"line":16,"column":3}},"loc":{"start":{"line":16,"column":23},"end":{"line":19,"column":3}},"line":16},"1":{"name":"(anonymous_1)","decl":{"start":{"line":21,"column":2},"end":{"line":21,"column":3}},"loc":{"start":{"line":21,"column":25},"end":{"line":24,"column":3}},"line":21},"2":{"name":"(anonymous_2)","decl":{"start":{"line":26,"column":2},"end":{"line":26,"column":3}},"loc":{"start":{"line":26,"column":11},"end":{"line":125,"column":3}},"line":26}},"branchMap":{},"s":{"0":3,"1":3,"2":1,"3":1,"4":3,"5":3,"6":1},"f":{"0":3,"1":1,"2":3},"b":{},"_coverageSchema":"332fd63041d2c1bcb487cc26dd0d5f7d97098a6c","hash":"be8e4db11b035079d4ba2a21dfed78b1207ed06d"}
,"/Users/mackentoch/GitProjects/react-director-admin-template/src/app/views/stripedProgressBar/StripedProgressBar.js": {"path":"/Users/mackentoch/GitProjects/react-director-admin-template/src/app/views/stripedProgressBar/StripedProgressBar.js","statementMap":{"0":{"start":{"line":24,"column":53},"end":{"line":24,"column":63}},"1":{"start":{"line":25,"column":4},"end":{"line":25,"column":30}},"2":{"start":{"line":29,"column":53},"end":{"line":29,"column":63}},"3":{"start":{"line":30,"column":4},"end":{"line":30,"column":30}},"4":{"start":{"line":34,"column":19},"end":{"line":110,"column":7}},"5":{"start":{"line":112,"column":4},"end":{"line":199,"column":6}}},"fnMap":{"0":{"name":"(anonymous_0)","decl":{"start":{"line":23,"column":2},"end":{"line":23,"column":3}},"loc":{"start":{"line":23,"column":23},"end":{"line":26,"column":3}},"line":23},"1":{"name":"(anonymous_1)","decl":{"start":{"line":28,"column":2},"end":{"line":28,"column":3}},"loc":{"start":{"line":28,"column":25},"end":{"line":31,"column":3}},"line":28},"2":{"name":"(anonymous_2)","decl":{"start":{"line":33,"column":2},"end":{"line":33,"column":3}},"loc":{"start":{"line":33,"column":11},"end":{"line":200,"column":3}},"line":33}},"branchMap":{},"s":{"0":3,"1":3,"2":1,"3":1,"4":3,"5":3},"f":{"0":3,"1":1,"2":3},"b":{},"_coverageSchema":"332fd63041d2c1bcb487cc26dd0d5f7d97098a6c","hash":"a38450acae0913873162138b547577eadf1726ed"}
}
