TN:
SF:/Users/kentor/GitProjects/react-director-admin-template/src/app/components/alert/Alert.js
FN:5,(anonymous_0)
FNF:1
FNH:1
FNDA:1,(anonymous_0)
DA:5,1
DA:6,1
DA:29,1
DA:34,1
DA:38,1
LF:5
LH:5
BRF:0
BRH:0
end_of_record
TN:
SF:/Users/kentor/GitProjects/react-director-admin-template/src/app/components/animatedView/AnimatedView.js
FN:12,(anonymous_0)
FN:16,(anonymous_1)
FN:21,(anonymous_2)
FN:25,(anonymous_3)
FNF:4
FNH:2
FNDA:1,(anonymous_0)
FNDA:0,(anonymous_1)
FNDA:0,(anonymous_2)
FNDA:1,(anonymous_3)
DA:4,1
DA:13,1
DA:15,1
DA:16,0
DA:22,0
DA:26,1
DA:27,1
DA:29,1
DA:44,1
DA:49,1
LF:10
LH:8
BRDA:34,0,0,1
BRDA:34,0,1,1
BRDA:35,1,0,1
BRDA:35,1,1,0
BRF:4
BRH:3
end_of_record
TN:
SF:/Users/kentor/GitProjects/react-director-admin-template/src/app/components/aside/asideLeft/menu/menuHeader/MenuHeader.js
FN:7,(anonymous_0)
FN:24,(anonymous_1)
FNF:2
FNH:2
FNDA:1,(anonymous_0)
FNDA:1,(anonymous_1)
DA:7,1
DA:8,1
DA:25,1
DA:44,1
LF:4
LH:4
BRDA:21,0,0,1
BRDA:21,0,1,0
BRF:2
BRH:1
end_of_record
