TN:
SF:/Users/mackentoch/GitProjects/react-director-admin-template/src/front/components/tabPanel/tabPanelHeader/TabPanelHeader.js
FN:17,(anonymous_0)
FN:18,(anonymous_1)
FN:22,(anonymous_2)
FN:36,(anonymous_3)
FNF:4
FNH:4
FNDA:2,(anonymous_0)
FNDA:3,(anonymous_1)
FNDA:2,(anonymous_2)
FNDA:3,(anonymous_3)
DA:17,1
DA:18,3
DA:20,2
DA:21,2
DA:22,1
DA:23,2
DA:24,1
DA:29,1
DA:33,2
DA:37,3
DA:39,3
DA:61,1
DA:63,1
LF:13
LH:13
BRDA:17,0,0,0
BRDA:21,1,0,1
BRDA:21,1,1,1
BRDA:23,2,0,1
BRDA:23,2,1,1
BRDA:47,3,0,2
BRDA:47,3,1,1
BRF:7
BRH:6
end_of_record
